2022.07.12 16:25 B Z:\FTP\Catalogo Digital\CatalogoRvos.app\Contents\Resources\style\mb_icon\air_balloon.png --> ftp.laboratorioescolar.com.mx /CatalogoRvos.app/Contents/Resources/style/mb_icon air_balloon.png
2022.07.12 16:25 B Z:\FTP\Catalogo Digital\CatalogoRvos.app\Contents\Resources\style\mb_icon\bg-clouds.png --> ftp.laboratorioescolar.com.mx /CatalogoRvos.app/Contents/Resources/style/mb_icon bg-clouds.png
2022.07.12 16:25 B Z:\FTP\Catalogo Digital\CatalogoRvos.app\Contents\Resources\style\mb_icon\bigFirework.png --> ftp.laboratorioescolar.com.mx /CatalogoRvos.app/Contents/Resources/style/mb_icon bigFirework.png
2022.07.12 16:25 B Z:\FTP\Catalogo Digital\CatalogoRvos.app\Contents\Resources\style\mb_icon\blue_bubble.png --> ftp.laboratorioescolar.com.mx /CatalogoRvos.app/Contents/Resources/style/mb_icon blue_bubble.png
2022.07.12 16:25 B Z:\FTP\Catalogo Digital\CatalogoRvos.app\Contents\Resources\style\mb_icon\bubble.png --> ftp.laboratorioescolar.com.mx /CatalogoRvos.app/Contents/Resources/style/mb_icon bubble.png
2022.07.12 16:25 B Z:\FTP\Catalogo Digital\CatalogoRvos.app\Contents\Resources\style\mb_icon\c1.png --> ftp.laboratorioescolar.com.mx /CatalogoRvos.app/Contents/Resources/style/mb_icon c1.png
2022.07.12 16:25 B Z:\FTP\Catalogo Digital\CatalogoRvos.app\Contents\Resources\style\mb_icon\c11.png --> ftp.laboratorioescolar.com.mx /CatalogoRvos.app/Contents/Resources/style/mb_icon c11.png
2022.07.12 16:25 B Z:\FTP\Catalogo Digital\CatalogoRvos.app\Contents\Resources\style\mb_icon\c13.png --> ftp.laboratorioescolar.com.mx /CatalogoRvos.app/Contents/Resources/style/mb_icon c13.png
2022.07.12 16:25 B Z:\FTP\Catalogo Digital\CatalogoRvos.app\Contents\Resources\style\mb_icon\c2.png --> ftp.laboratorioescolar.com.mx /CatalogoRvos.app/Contents/Resources/style/mb_icon c2.png
2022.07.12 16:25 B Z:\FTP\Catalogo Digital\CatalogoRvos.app\Contents\Resources\style\mb_icon\c3.png --> ftp.laboratorioescolar.com.mx /CatalogoRvos.app/Contents/Resources/style/mb_icon c3.png
2022.07.12 16:25 B Z:\FTP\Catalogo Digital\CatalogoRvos.app\Contents\Resources\style\mb_icon\cloud1.png --> ftp.laboratorioescolar.com.mx /CatalogoRvos.app/Contents/Resources/style/mb_icon cloud1.png
2022.07.12 16:25 B Z:\FTP\Catalogo Digital\CatalogoRvos.app\Contents\Resources\style\mb_icon\cloud2.png --> ftp.laboratorioescolar.com.mx /CatalogoRvos.app/Contents/Resources/style/mb_icon cloud2.png
2022.07.12 16:25 B Z:\FTP\Catalogo Digital\CatalogoRvos.app\Contents\Resources\style\mb_icon\cloud3.png --> ftp.laboratorioescolar.com.mx /CatalogoRvos.app/Contents/Resources/style/mb_icon cloud3.png
2022.07.12 16:25 B Z:\FTP\Catalogo Digital\CatalogoRvos.app\Contents\Resources\style\mb_icon\cloud4.png --> ftp.laboratorioescolar.com.mx /CatalogoRvos.app/Contents/Resources/style/mb_icon cloud4.png
2022.07.12 16:25 B Z:\FTP\Catalogo Digital\CatalogoRvos.app\Contents\Resources\style\mb_icon\cloud5.png --> ftp.laboratorioescolar.com.mx /CatalogoRvos.app/Contents/Resources/style/mb_icon cloud5.png
2022.07.12 16:25 B Z:\FTP\Catalogo Digital\CatalogoRvos.app\Contents\Resources\style\mb_icon\firefly.png --> ftp.laboratorioescolar.com.mx /CatalogoRvos.app/Contents/Resources/style/mb_icon firefly.png
2022.07.12 16:25 B Z:\FTP\Catalogo Digital\CatalogoRvos.app\Contents\Resources\style\mb_icon\fog.png --> ftp.laboratorioescolar.com.mx /CatalogoRvos.app/Contents/Resources/style/mb_icon fog.png
2022.07.12 16:25 B Z:\FTP\Catalogo Digital\CatalogoRvos.app\Contents\Resources\style\mb_icon\leaves1.png --> ftp.laboratorioescolar.com.mx /CatalogoRvos.app/Contents/Resources/style/mb_icon leaves1.png
2022.07.12 16:25 B Z:\FTP\Catalogo Digital\CatalogoRvos.app\Contents\Resources\style\mb_icon\leaves14.png --> ftp.laboratorioescolar.com.mx /CatalogoRvos.app/Contents/Resources/style/mb_icon leaves14.png
2022.07.12 16:25 B Z:\FTP\Catalogo Digital\CatalogoRvos.app\Contents\Resources\style\mb_icon\leaves15.png --> ftp.laboratorioescolar.com.mx /CatalogoRvos.app/Contents/Resources/style/mb_icon leaves15.png
2022.07.12 16:25 B Z:\FTP\Catalogo Digital\CatalogoRvos.app\Contents\Resources\style\mb_icon\leaves17.png --> ftp.laboratorioescolar.com.mx /CatalogoRvos.app/Contents/Resources/style/mb_icon leaves17.png
2022.07.12 16:25 B Z:\FTP\Catalogo Digital\CatalogoRvos.app\Contents\Resources\style\mb_icon\leaves2.png --> ftp.laboratorioescolar.com.mx /CatalogoRvos.app/Contents/Resources/style/mb_icon leaves2.png
2022.07.12 16:25 B Z:\FTP\Catalogo Digital\CatalogoRvos.app\Contents\Resources\style\mb_icon\leaves3.png --> ftp.laboratorioescolar.com.mx /CatalogoRvos.app/Contents/Resources/style/mb_icon leaves3.png
2022.07.12 16:25 B Z:\FTP\Catalogo Digital\CatalogoRvos.app\Contents\Resources\style\mb_icon\leaves4.png --> ftp.laboratorioescolar.com.mx /CatalogoRvos.app/Contents/Resources/style/mb_icon leaves4.png
2022.07.12 16:25 B Z:\FTP\Catalogo Digital\CatalogoRvos.app\Contents\Resources\style\mb_icon\leaves5.png --> ftp.laboratorioescolar.com.mx /CatalogoRvos.app/Contents/Resources/style/mb_icon leaves5.png
2022.07.12 16:25 B Z:\FTP\Catalogo Digital\CatalogoRvos.app\Contents\Resources\style\mb_icon\leaves6.png --> ftp.laboratorioescolar.com.mx /CatalogoRvos.app/Contents/Resources/style/mb_icon leaves6.png
2022.07.12 16:25 B Z:\FTP\Catalogo Digital\CatalogoRvos.app\Contents\Resources\style\mb_icon\leaves_1.png --> ftp.laboratorioescolar.com.mx /CatalogoRvos.app/Contents/Resources/style/mb_icon leaves_1.png
2022.07.12 16:25 B Z:\FTP\Catalogo Digital\CatalogoRvos.app\Contents\Resources\style\mb_icon\leaves_2.png --> ftp.laboratorioescolar.com.mx /CatalogoRvos.app/Contents/Resources/style/mb_icon leaves_2.png
2022.07.12 16:25 B Z:\FTP\Catalogo Digital\CatalogoRvos.app\Contents\Resources\style\mb_icon\leaves_3.png --> ftp.laboratorioescolar.com.mx /CatalogoRvos.app/Contents/Resources/style/mb_icon leaves_3.png
2022.07.12 16:25 B Z:\FTP\Catalogo Digital\CatalogoRvos.app\Contents\Resources\style\mb_icon\leaves_4.png --> ftp.laboratorioescolar.com.mx /CatalogoRvos.app/Contents/Resources/style/mb_icon leaves_4.png
2022.07.12 16:25 B Z:\FTP\Catalogo Digital\CatalogoRvos.app\Contents\Resources\style\mb_icon\leaves_5.png --> ftp.laboratorioescolar.com.mx /CatalogoRvos.app/Contents/Resources/style/mb_icon leaves_5.png
2022.07.12 16:26 B Z:\FTP\Catalogo Digital\CatalogoRvos.app\Contents\Resources\style\mb_icon\meteor.png --> ftp.laboratorioescolar.com.mx /CatalogoRvos.app/Contents/Resources/style/mb_icon meteor.png
2022.07.12 16:26 B Z:\FTP\Catalogo Digital\CatalogoRvos.app\Contents\Resources\style\mb_icon\moon.png --> ftp.laboratorioescolar.com.mx /CatalogoRvos.app/Contents/Resources/style/mb_icon moon.png
2022.07.12 16:26 B Z:\FTP\Catalogo Digital\CatalogoRvos.app\Contents\Resources\style\mb_icon\moon_cloud_one.png --> ftp.laboratorioescolar.com.mx /CatalogoRvos.app/Contents/Resources/style/mb_icon moon_cloud_one.png
2022.07.12 16:26 B Z:\FTP\Catalogo Digital\CatalogoRvos.app\Contents\Resources\style\mb_icon\moon_cloud_three.png --> ftp.laboratorioescolar.com.mx /CatalogoRvos.app/Contents/Resources/style/mb_icon moon_cloud_three.png
2022.07.12 16:26 B Z:\FTP\Catalogo Digital\CatalogoRvos.app\Contents\Resources\style\mb_icon\moon_cloud_two.png --> ftp.laboratorioescolar.com.mx /CatalogoRvos.app/Contents/Resources/style/mb_icon moon_cloud_two.png
2022.07.12 16:26 B Z:\FTP\Catalogo Digital\CatalogoRvos.app\Contents\Resources\style\mb_icon\petal.png --> ftp.laboratorioescolar.com.mx /CatalogoRvos.app/Contents/Resources/style/mb_icon petal.png
2022.07.12 16:26 B Z:\FTP\Catalogo Digital\CatalogoRvos.app\Contents\Resources\style\mb_icon\raindrop.png --> ftp.laboratorioescolar.com.mx /CatalogoRvos.app/Contents/Resources/style/mb_icon raindrop.png
2022.07.12 16:26 B Z:\FTP\Catalogo Digital\CatalogoRvos.app\Contents\Resources\style\mb_icon\smallFirework.png --> ftp.laboratorioescolar.com.mx /CatalogoRvos.app/Contents/Resources/style/mb_icon smallFirework.png
2022.07.12 16:26 B Z:\FTP\Catalogo Digital\CatalogoRvos.app\Contents\Resources\style\mb_icon\snow.png --> ftp.laboratorioescolar.com.mx /CatalogoRvos.app/Contents/Resources/style/mb_icon snow.png
2022.07.12 16:26 B Z:\FTP\Catalogo Digital\CatalogoRvos.app\Contents\Resources\style\mb_icon\star.png --> ftp.laboratorioescolar.com.mx /CatalogoRvos.app/Contents/Resources/style/mb_icon star.png
2022.07.12 16:26 B Z:\FTP\Catalogo Digital\CatalogoRvos.app\Contents\Resources\style\mb_icon\thunder.png --> ftp.laboratorioescolar.com.mx /CatalogoRvos.app/Contents/Resources/style/mb_icon thunder.png
2022.07.12 16:26 B Z:\FTP\Catalogo Digital\CatalogoRvos.app\Contents\Resources\style\mb_icon\twinkle.png --> ftp.laboratorioescolar.com.mx /CatalogoRvos.app/Contents/Resources/style/mb_icon twinkle.png
