2022.07.12 16:22 B Z:\FTP\Catalogo Digital\CatalogoRvos.app\Contents\Resources\style\icon\1-2x.png --> ftp.laboratorioescolar.com.mx /CatalogoRvos.app/Contents/Resources/style/icon 1-2x.png
2022.07.12 16:22 B Z:\FTP\Catalogo Digital\CatalogoRvos.app\Contents\Resources\style\icon\2-2x.png --> ftp.laboratorioescolar.com.mx /CatalogoRvos.app/Contents/Resources/style/icon 2-2x.png
2022.07.12 16:22 B Z:\FTP\Catalogo Digital\CatalogoRvos.app\Contents\Resources\style\icon\3-2x.png --> ftp.laboratorioescolar.com.mx /CatalogoRvos.app/Contents/Resources/style/icon 3-2x.png
2022.07.12 16:22 B Z:\FTP\Catalogo Digital\CatalogoRvos.app\Contents\Resources\style\icon\4-2x.png --> ftp.laboratorioescolar.com.mx /CatalogoRvos.app/Contents/Resources/style/icon 4-2x.png
2022.07.12 16:22 B Z:\FTP\Catalogo Digital\CatalogoRvos.app\Contents\Resources\style\icon\5-2x.png --> ftp.laboratorioescolar.com.mx /CatalogoRvos.app/Contents/Resources/style/icon 5-2x.png
2022.07.12 16:22 B Z:\FTP\Catalogo Digital\CatalogoRvos.app\Contents\Resources\style\icon\about.png --> ftp.laboratorioescolar.com.mx /CatalogoRvos.app/Contents/Resources/style/icon about.png
2022.07.12 16:22 B Z:\FTP\Catalogo Digital\CatalogoRvos.app\Contents\Resources\style\icon\ad_close.png --> ftp.laboratorioescolar.com.mx /CatalogoRvos.app/Contents/Resources/style/icon ad_close.png
2022.07.12 16:22 B Z:\FTP\Catalogo Digital\CatalogoRvos.app\Contents\Resources\style\icon\ad_close_down.png --> ftp.laboratorioescolar.com.mx /CatalogoRvos.app/Contents/Resources/style/icon ad_close_down.png
2022.07.12 16:22 B Z:\FTP\Catalogo Digital\CatalogoRvos.app\Contents\Resources\style\icon\addImage.png --> ftp.laboratorioescolar.com.mx /CatalogoRvos.app/Contents/Resources/style/icon addImage.png
2022.07.12 16:22 B Z:\FTP\Catalogo Digital\CatalogoRvos.app\Contents\Resources\style\icon\addthis.png --> ftp.laboratorioescolar.com.mx /CatalogoRvos.app/Contents/Resources/style/icon addthis.png
2022.07.12 16:22 B Z:\FTP\Catalogo Digital\CatalogoRvos.app\Contents\Resources\style\icon\Alice.png --> ftp.laboratorioescolar.com.mx /CatalogoRvos.app/Contents/Resources/style/icon Alice.png
2022.07.12 16:22 B Z:\FTP\Catalogo Digital\CatalogoRvos.app\Contents\Resources\style\icon\annotation.png --> ftp.laboratorioescolar.com.mx /CatalogoRvos.app/Contents/Resources/style/icon annotation.png
2022.07.12 16:22 B Z:\FTP\Catalogo Digital\CatalogoRvos.app\Contents\Resources\style\icon\annotationSprite.png --> ftp.laboratorioescolar.com.mx /CatalogoRvos.app/Contents/Resources/style/icon annotationSprite.png
2022.07.12 16:22 B Z:\FTP\Catalogo Digital\CatalogoRvos.app\Contents\Resources\style\icon\arrow-down.png --> ftp.laboratorioescolar.com.mx /CatalogoRvos.app/Contents/Resources/style/icon arrow-down.png
2022.07.12 16:22 B Z:\FTP\Catalogo Digital\CatalogoRvos.app\Contents\Resources\style\icon\arrow-left.png --> ftp.laboratorioescolar.com.mx /CatalogoRvos.app/Contents/Resources/style/icon arrow-left.png
2022.07.12 16:22 B Z:\FTP\Catalogo Digital\CatalogoRvos.app\Contents\Resources\style\icon\arrow-up.png --> ftp.laboratorioescolar.com.mx /CatalogoRvos.app/Contents/Resources/style/icon arrow-up.png
2022.07.12 16:22 B Z:\FTP\Catalogo Digital\CatalogoRvos.app\Contents\Resources\style\icon\arrow.png --> ftp.laboratorioescolar.com.mx /CatalogoRvos.app/Contents/Resources/style/icon arrow.png
2022.07.12 16:22 B Z:\FTP\Catalogo Digital\CatalogoRvos.app\Contents\Resources\style\icon\arrow2.png --> ftp.laboratorioescolar.com.mx /CatalogoRvos.app/Contents/Resources/style/icon arrow2.png
2022.07.12 16:22 B Z:\FTP\Catalogo Digital\CatalogoRvos.app\Contents\Resources\style\icon\arrow3.png --> ftp.laboratorioescolar.com.mx /CatalogoRvos.app/Contents/Resources/style/icon arrow3.png
2022.07.12 16:22 B Z:\FTP\Catalogo Digital\CatalogoRvos.app\Contents\Resources\style\icon\assistant.png --> ftp.laboratorioescolar.com.mx /CatalogoRvos.app/Contents/Resources/style/icon assistant.png
2022.07.12 16:22 B Z:\FTP\Catalogo Digital\CatalogoRvos.app\Contents\Resources\style\icon\audio-advanced.png --> ftp.laboratorioescolar.com.mx /CatalogoRvos.app/Contents/Resources/style/icon audio-advanced.png
2022.07.12 16:22 B Z:\FTP\Catalogo Digital\CatalogoRvos.app\Contents\Resources\style\icon\audio-background.png --> ftp.laboratorioescolar.com.mx /CatalogoRvos.app/Contents/Resources/style/icon audio-background.png
2022.07.12 16:22 B Z:\FTP\Catalogo Digital\CatalogoRvos.app\Contents\Resources\style\icon\audio-christmas.png --> ftp.laboratorioescolar.com.mx /CatalogoRvos.app/Contents/Resources/style/icon audio-christmas.png
2022.07.12 16:22 B Z:\FTP\Catalogo Digital\CatalogoRvos.app\Contents\Resources\style\icon\audio-decent.png --> ftp.laboratorioescolar.com.mx /CatalogoRvos.app/Contents/Resources/style/icon audio-decent.png
2022.07.12 16:22 B Z:\FTP\Catalogo Digital\CatalogoRvos.app\Contents\Resources\style\icon\audio-default.png --> ftp.laboratorioescolar.com.mx /CatalogoRvos.app/Contents/Resources/style/icon audio-default.png
2022.07.12 16:22 B Z:\FTP\Catalogo Digital\CatalogoRvos.app\Contents\Resources\style\icon\audio-enjoy.png --> ftp.laboratorioescolar.com.mx /CatalogoRvos.app/Contents/Resources/style/icon audio-enjoy.png
2022.07.12 16:22 B Z:\FTP\Catalogo Digital\CatalogoRvos.app\Contents\Resources\style\icon\audio-fade.png --> ftp.laboratorioescolar.com.mx /CatalogoRvos.app/Contents/Resources/style/icon audio-fade.png
2022.07.12 16:22 B Z:\FTP\Catalogo Digital\CatalogoRvos.app\Contents\Resources\style\icon\audio-glass.png --> ftp.laboratorioescolar.com.mx /CatalogoRvos.app/Contents/Resources/style/icon audio-glass.png
2022.07.12 16:22 B Z:\FTP\Catalogo Digital\CatalogoRvos.app\Contents\Resources\style\icon\audio-simple.png --> ftp.laboratorioescolar.com.mx /CatalogoRvos.app/Contents/Resources/style/icon audio-simple.png
2022.07.12 16:22 B Z:\FTP\Catalogo Digital\CatalogoRvos.app\Contents\Resources\style\icon\audio-skin.png --> ftp.laboratorioescolar.com.mx /CatalogoRvos.app/Contents/Resources/style/icon audio-skin.png
2022.07.12 16:22 B Z:\FTP\Catalogo Digital\CatalogoRvos.app\Contents\Resources\style\icon\audio-tree.png --> ftp.laboratorioescolar.com.mx /CatalogoRvos.app/Contents/Resources/style/icon audio-tree.png
2022.07.12 16:22 B Z:\FTP\Catalogo Digital\CatalogoRvos.app\Contents\Resources\style\icon\autoPlay.png --> ftp.laboratorioescolar.com.mx /CatalogoRvos.app/Contents/Resources/style/icon autoPlay.png
2022.07.12 16:22 B Z:\FTP\Catalogo Digital\CatalogoRvos.app\Contents\Resources\style\icon\BackGround.jpg --> ftp.laboratorioescolar.com.mx /CatalogoRvos.app/Contents/Resources/style/icon BackGround.jpg
2022.07.12 16:22 B Z:\FTP\Catalogo Digital\CatalogoRvos.app\Contents\Resources\style\icon\background_prev.png --> ftp.laboratorioescolar.com.mx /CatalogoRvos.app/Contents/Resources/style/icon background_prev.png
2022.07.12 16:22 B Z:\FTP\Catalogo Digital\CatalogoRvos.app\Contents\Resources\style\icon\backissues.png --> ftp.laboratorioescolar.com.mx /CatalogoRvos.app/Contents/Resources/style/icon backissues.png
2022.07.12 16:23 B Z:\FTP\Catalogo Digital\CatalogoRvos.app\Contents\Resources\style\icon\backSoundOff.png --> ftp.laboratorioescolar.com.mx /CatalogoRvos.app/Contents/Resources/style/icon backSoundOff.png
2022.07.12 16:23 B Z:\FTP\Catalogo Digital\CatalogoRvos.app\Contents\Resources\style\icon\backSoundOn.png --> ftp.laboratorioescolar.com.mx /CatalogoRvos.app/Contents/Resources/style/icon backSoundOn.png
2022.07.12 16:23 B Z:\FTP\Catalogo Digital\CatalogoRvos.app\Contents\Resources\style\icon\backward.png --> ftp.laboratorioescolar.com.mx /CatalogoRvos.app/Contents/Resources/style/icon backward.png
2022.07.12 16:23 B Z:\FTP\Catalogo Digital\CatalogoRvos.app\Contents\Resources\style\icon\bg.png --> ftp.laboratorioescolar.com.mx /CatalogoRvos.app/Contents/Resources/style/icon bg.png
2022.07.12 16:23 B Z:\FTP\Catalogo Digital\CatalogoRvos.app\Contents\Resources\style\icon\blockquote.png --> ftp.laboratorioescolar.com.mx /CatalogoRvos.app/Contents/Resources/style/icon blockquote.png
2022.07.12 16:23 B Z:\FTP\Catalogo Digital\CatalogoRvos.app\Contents\Resources\style\icon\bold.png --> ftp.laboratorioescolar.com.mx /CatalogoRvos.app/Contents/Resources/style/icon bold.png
2022.07.12 16:23 B Z:\FTP\Catalogo Digital\CatalogoRvos.app\Contents\Resources\style\icon\bookmark.png --> ftp.laboratorioescolar.com.mx /CatalogoRvos.app/Contents/Resources/style/icon bookmark.png
2022.07.12 16:23 B Z:\FTP\Catalogo Digital\CatalogoRvos.app\Contents\Resources\style\icon\bookMark_cancel.png --> ftp.laboratorioescolar.com.mx /CatalogoRvos.app/Contents/Resources/style/icon bookMark_cancel.png
2022.07.12 16:23 B Z:\FTP\Catalogo Digital\CatalogoRvos.app\Contents\Resources\style\icon\bookMarkEnter.png --> ftp.laboratorioescolar.com.mx /CatalogoRvos.app/Contents/Resources/style/icon bookMarkEnter.png
2022.07.12 16:23 B Z:\FTP\Catalogo Digital\CatalogoRvos.app\Contents\Resources\style\icon\butotnFlower.svg --> ftp.laboratorioescolar.com.mx /CatalogoRvos.app/Contents/Resources/style/icon butotnFlower.svg
2022.07.12 16:23 B Z:\FTP\Catalogo Digital\CatalogoRvos.app\Contents\Resources\style\icon\buttonBg.png --> ftp.laboratorioescolar.com.mx /CatalogoRvos.app/Contents/Resources/style/icon buttonBg.png
2022.07.12 16:23 B Z:\FTP\Catalogo Digital\CatalogoRvos.app\Contents\Resources\style\icon\cancel.png --> ftp.laboratorioescolar.com.mx /CatalogoRvos.app/Contents/Resources/style/icon cancel.png
2022.07.12 16:23 B Z:\FTP\Catalogo Digital\CatalogoRvos.app\Contents\Resources\style\icon\cardboard1.png --> ftp.laboratorioescolar.com.mx /CatalogoRvos.app/Contents/Resources/style/icon cardboard1.png
2022.07.12 16:23 B Z:\FTP\Catalogo Digital\CatalogoRvos.app\Contents\Resources\style\icon\cardboard2.png --> ftp.laboratorioescolar.com.mx /CatalogoRvos.app/Contents/Resources/style/icon cardboard2.png
2022.07.12 16:23 B Z:\FTP\Catalogo Digital\CatalogoRvos.app\Contents\Resources\style\icon\cardboard3.png --> ftp.laboratorioescolar.com.mx /CatalogoRvos.app/Contents/Resources/style/icon cardboard3.png
2022.07.12 16:23 B Z:\FTP\Catalogo Digital\CatalogoRvos.app\Contents\Resources\style\icon\cartAdd.png --> ftp.laboratorioescolar.com.mx /CatalogoRvos.app/Contents/Resources/style/icon cartAdd.png
2022.07.12 16:23 B Z:\FTP\Catalogo Digital\CatalogoRvos.app\Contents\Resources\style\icon\cartDelete.png --> ftp.laboratorioescolar.com.mx /CatalogoRvos.app/Contents/Resources/style/icon cartDelete.png
2022.07.12 16:23 B Z:\FTP\Catalogo Digital\CatalogoRvos.app\Contents\Resources\style\icon\cartLow.png --> ftp.laboratorioescolar.com.mx /CatalogoRvos.app/Contents/Resources/style/icon cartLow.png
2022.07.12 16:23 B Z:\FTP\Catalogo Digital\CatalogoRvos.app\Contents\Resources\style\icon\catalog_drag.png --> ftp.laboratorioescolar.com.mx /CatalogoRvos.app/Contents/Resources/style/icon catalog_drag.png
2022.07.12 16:23 B Z:\FTP\Catalogo Digital\CatalogoRvos.app\Contents\Resources\style\icon\catalog_firstButton.png --> ftp.laboratorioescolar.com.mx /CatalogoRvos.app/Contents/Resources/style/icon catalog_firstButton.png
2022.07.12 16:23 B Z:\FTP\Catalogo Digital\CatalogoRvos.app\Contents\Resources\style\icon\catalog_icon.png --> ftp.laboratorioescolar.com.mx /CatalogoRvos.app/Contents/Resources/style/icon catalog_icon.png
2022.07.12 16:23 B Z:\FTP\Catalogo Digital\CatalogoRvos.app\Contents\Resources\style\icon\catalog_lastButton.png --> ftp.laboratorioescolar.com.mx /CatalogoRvos.app/Contents/Resources/style/icon catalog_lastButton.png
2022.07.12 16:23 B Z:\FTP\Catalogo Digital\CatalogoRvos.app\Contents\Resources\style\icon\catalog_zoomin.png --> ftp.laboratorioescolar.com.mx /CatalogoRvos.app/Contents/Resources/style/icon catalog_zoomin.png
2022.07.12 16:23 B Z:\FTP\Catalogo Digital\CatalogoRvos.app\Contents\Resources\style\icon\catalog_zoomout.png --> ftp.laboratorioescolar.com.mx /CatalogoRvos.app/Contents/Resources/style/icon catalog_zoomout.png
2022.07.12 16:23 B Z:\FTP\Catalogo Digital\CatalogoRvos.app\Contents\Resources\style\icon\centerblur.png --> ftp.laboratorioescolar.com.mx /CatalogoRvos.app/Contents/Resources/style/icon centerblur.png
2022.07.12 16:23 B Z:\FTP\Catalogo Digital\CatalogoRvos.app\Contents\Resources\style\icon\choosed.png --> ftp.laboratorioescolar.com.mx /CatalogoRvos.app/Contents/Resources/style/icon choosed.png
2022.07.12 16:23 B Z:\FTP\Catalogo Digital\CatalogoRvos.app\Contents\Resources\style\icon\classic-buttons.png --> ftp.laboratorioescolar.com.mx /CatalogoRvos.app/Contents/Resources/style/icon classic-buttons.png
2022.07.12 16:23 B Z:\FTP\Catalogo Digital\CatalogoRvos.app\Contents\Resources\style\icon\clear.png --> ftp.laboratorioescolar.com.mx /CatalogoRvos.app/Contents/Resources/style/icon clear.png
2022.07.12 16:23 B Z:\FTP\Catalogo Digital\CatalogoRvos.app\Contents\Resources\style\icon\close.png --> ftp.laboratorioescolar.com.mx /CatalogoRvos.app/Contents/Resources/style/icon close.png
2022.07.12 16:23 B Z:\FTP\Catalogo Digital\CatalogoRvos.app\Contents\Resources\style\icon\close_down.png --> ftp.laboratorioescolar.com.mx /CatalogoRvos.app/Contents/Resources/style/icon close_down.png
2022.07.12 16:23 B Z:\FTP\Catalogo Digital\CatalogoRvos.app\Contents\Resources\style\icon\close_form.png --> ftp.laboratorioescolar.com.mx /CatalogoRvos.app/Contents/Resources/style/icon close_form.png
2022.07.12 16:23 B Z:\FTP\Catalogo Digital\CatalogoRvos.app\Contents\Resources\style\icon\closecat.png --> ftp.laboratorioescolar.com.mx /CatalogoRvos.app/Contents/Resources/style/icon closecat.png
2022.07.12 16:23 B Z:\FTP\Catalogo Digital\CatalogoRvos.app\Contents\Resources\style\icon\closed.png --> ftp.laboratorioescolar.com.mx /CatalogoRvos.app/Contents/Resources/style/icon closed.png
2022.07.12 16:23 B Z:\FTP\Catalogo Digital\CatalogoRvos.app\Contents\Resources\style\icon\closeForm.png --> ftp.laboratorioescolar.com.mx /CatalogoRvos.app/Contents/Resources/style/icon closeForm.png
2022.07.12 16:23 B Z:\FTP\Catalogo Digital\CatalogoRvos.app\Contents\Resources\style\icon\closeForm_down.png --> ftp.laboratorioescolar.com.mx /CatalogoRvos.app/Contents/Resources/style/icon closeForm_down.png
2022.07.12 16:23 B Z:\FTP\Catalogo Digital\CatalogoRvos.app\Contents\Resources\style\icon\cloth1.png --> ftp.laboratorioescolar.com.mx /CatalogoRvos.app/Contents/Resources/style/icon cloth1.png
2022.07.12 16:23 B Z:\FTP\Catalogo Digital\CatalogoRvos.app\Contents\Resources\style\icon\cloth2.png --> ftp.laboratorioescolar.com.mx /CatalogoRvos.app/Contents/Resources/style/icon cloth2.png
2022.07.12 16:23 B Z:\FTP\Catalogo Digital\CatalogoRvos.app\Contents\Resources\style\icon\cloth3.png --> ftp.laboratorioescolar.com.mx /CatalogoRvos.app/Contents/Resources/style/icon cloth3.png
2022.07.12 16:23 B Z:\FTP\Catalogo Digital\CatalogoRvos.app\Contents\Resources\style\icon\cloth4.png --> ftp.laboratorioescolar.com.mx /CatalogoRvos.app/Contents/Resources/style/icon cloth4.png
2022.07.12 16:23 B Z:\FTP\Catalogo Digital\CatalogoRvos.app\Contents\Resources\style\icon\collapsed.png --> ftp.laboratorioescolar.com.mx /CatalogoRvos.app/Contents/Resources/style/icon collapsed.png
2022.07.12 16:23 B Z:\FTP\Catalogo Digital\CatalogoRvos.app\Contents\Resources\style\icon\controlButton.png --> ftp.laboratorioescolar.com.mx /CatalogoRvos.app/Contents/Resources/style/icon controlButton.png
2022.07.12 16:23 B Z:\FTP\Catalogo Digital\CatalogoRvos.app\Contents\Resources\style\icon\cursor.png --> ftp.laboratorioescolar.com.mx /CatalogoRvos.app/Contents/Resources/style/icon cursor.png
2022.07.12 16:23 B Z:\FTP\Catalogo Digital\CatalogoRvos.app\Contents\Resources\style\icon\deep_bottom_sewing.png --> ftp.laboratorioescolar.com.mx /CatalogoRvos.app/Contents/Resources/style/icon deep_bottom_sewing.png
2022.07.12 16:23 B Z:\FTP\Catalogo Digital\CatalogoRvos.app\Contents\Resources\style\icon\deep_left_sewing.png --> ftp.laboratorioescolar.com.mx /CatalogoRvos.app/Contents/Resources/style/icon deep_left_sewing.png
2022.07.12 16:23 B Z:\FTP\Catalogo Digital\CatalogoRvos.app\Contents\Resources\style\icon\deep_right_sewing.png --> ftp.laboratorioescolar.com.mx /CatalogoRvos.app/Contents/Resources/style/icon deep_right_sewing.png
2022.07.12 16:23 B Z:\FTP\Catalogo Digital\CatalogoRvos.app\Contents\Resources\style\icon\deep_top_sewing.png --> ftp.laboratorioescolar.com.mx /CatalogoRvos.app/Contents/Resources/style/icon deep_top_sewing.png
2022.07.12 16:23 B Z:\FTP\Catalogo Digital\CatalogoRvos.app\Contents\Resources\style\icon\delete.png --> ftp.laboratorioescolar.com.mx /CatalogoRvos.app/Contents/Resources/style/icon delete.png
2022.07.12 16:23 B Z:\FTP\Catalogo Digital\CatalogoRvos.app\Contents\Resources\style\icon\demo.png --> ftp.laboratorioescolar.com.mx /CatalogoRvos.app/Contents/Resources/style/icon demo.png
2022.07.12 16:23 B Z:\FTP\Catalogo Digital\CatalogoRvos.app\Contents\Resources\style\icon\digg.png --> ftp.laboratorioescolar.com.mx /CatalogoRvos.app/Contents/Resources/style/icon digg.png
2022.07.12 16:23 B Z:\FTP\Catalogo Digital\CatalogoRvos.app\Contents\Resources\style\icon\digg.svg --> ftp.laboratorioescolar.com.mx /CatalogoRvos.app/Contents/Resources/style/icon digg.svg
2022.07.12 16:23 B Z:\FTP\Catalogo Digital\CatalogoRvos.app\Contents\Resources\style\icon\downCoil.png --> ftp.laboratorioescolar.com.mx /CatalogoRvos.app/Contents/Resources/style/icon downCoil.png
2022.07.12 16:23 B Z:\FTP\Catalogo Digital\CatalogoRvos.app\Contents\Resources\style\icon\downCoil1.png --> ftp.laboratorioescolar.com.mx /CatalogoRvos.app/Contents/Resources/style/icon downCoil1.png
2022.07.12 16:23 B Z:\FTP\Catalogo Digital\CatalogoRvos.app\Contents\Resources\style\icon\downCoil1_bg.png --> ftp.laboratorioescolar.com.mx /CatalogoRvos.app/Contents/Resources/style/icon downCoil1_bg.png
2022.07.12 16:23 B Z:\FTP\Catalogo Digital\CatalogoRvos.app\Contents\Resources\style\icon\downCoil2.png --> ftp.laboratorioescolar.com.mx /CatalogoRvos.app/Contents/Resources/style/icon downCoil2.png
2022.07.12 16:23 B Z:\FTP\Catalogo Digital\CatalogoRvos.app\Contents\Resources\style\icon\downCoil2_bg.png --> ftp.laboratorioescolar.com.mx /CatalogoRvos.app/Contents/Resources/style/icon downCoil2_bg.png
2022.07.12 16:23 B Z:\FTP\Catalogo Digital\CatalogoRvos.app\Contents\Resources\style\icon\download.png --> ftp.laboratorioescolar.com.mx /CatalogoRvos.app/Contents/Resources/style/icon download.png
2022.07.12 16:23 B Z:\FTP\Catalogo Digital\CatalogoRvos.app\Contents\Resources\style\icon\drag.png --> ftp.laboratorioescolar.com.mx /CatalogoRvos.app/Contents/Resources/style/icon drag.png
2022.07.12 16:23 B Z:\FTP\Catalogo Digital\CatalogoRvos.app\Contents\Resources\style\icon\edit.png --> ftp.laboratorioescolar.com.mx /CatalogoRvos.app/Contents/Resources/style/icon edit.png
2022.07.12 16:23 B Z:\FTP\Catalogo Digital\CatalogoRvos.app\Contents\Resources\style\icon\email.png --> ftp.laboratorioescolar.com.mx /CatalogoRvos.app/Contents/Resources/style/icon email.png
2022.07.12 16:23 B Z:\FTP\Catalogo Digital\CatalogoRvos.app\Contents\Resources\style\icon\email.svg --> ftp.laboratorioescolar.com.mx /CatalogoRvos.app/Contents/Resources/style/icon email.svg
2022.07.12 16:23 B Z:\FTP\Catalogo Digital\CatalogoRvos.app\Contents\Resources\style\icon\enterFull.png --> ftp.laboratorioescolar.com.mx /CatalogoRvos.app/Contents/Resources/style/icon enterFull.png
2022.07.12 16:23 B Z:\FTP\Catalogo Digital\CatalogoRvos.app\Contents\Resources\style\icon\enterFull_over.png --> ftp.laboratorioescolar.com.mx /CatalogoRvos.app/Contents/Resources/style/icon enterFull_over.png
2022.07.12 16:23 B Z:\FTP\Catalogo Digital\CatalogoRvos.app\Contents\Resources\style\icon\exitFull.png --> ftp.laboratorioescolar.com.mx /CatalogoRvos.app/Contents/Resources/style/icon exitFull.png
2022.07.12 16:23 B Z:\FTP\Catalogo Digital\CatalogoRvos.app\Contents\Resources\style\icon\exitFull_over.png --> ftp.laboratorioescolar.com.mx /CatalogoRvos.app/Contents/Resources/style/icon exitFull_over.png
2022.07.12 16:23 B Z:\FTP\Catalogo Digital\CatalogoRvos.app\Contents\Resources\style\icon\exitFullscreen.png --> ftp.laboratorioescolar.com.mx /CatalogoRvos.app/Contents/Resources/style/icon exitFullscreen.png
2022.07.12 16:23 B Z:\FTP\Catalogo Digital\CatalogoRvos.app\Contents\Resources\style\icon\expanded.png --> ftp.laboratorioescolar.com.mx /CatalogoRvos.app/Contents/Resources/style/icon expanded.png
2022.07.12 16:23 B Z:\FTP\Catalogo Digital\CatalogoRvos.app\Contents\Resources\style\icon\facebook.png --> ftp.laboratorioescolar.com.mx /CatalogoRvos.app/Contents/Resources/style/icon facebook.png
2022.07.12 16:23 B Z:\FTP\Catalogo Digital\CatalogoRvos.app\Contents\Resources\style\icon\facebook.svg --> ftp.laboratorioescolar.com.mx /CatalogoRvos.app/Contents/Resources/style/icon facebook.svg
2022.07.12 16:23 B Z:\FTP\Catalogo Digital\CatalogoRvos.app\Contents\Resources\style\icon\First.png --> ftp.laboratorioescolar.com.mx /CatalogoRvos.app/Contents/Resources/style/icon First.png
2022.07.12 16:23 B Z:\FTP\Catalogo Digital\CatalogoRvos.app\Contents\Resources\style\icon\firstButton.png --> ftp.laboratorioescolar.com.mx /CatalogoRvos.app/Contents/Resources/style/icon firstButton.png
2022.07.12 16:23 B Z:\FTP\Catalogo Digital\CatalogoRvos.app\Contents\Resources\style\icon\flat_bottom_sewing.png --> ftp.laboratorioescolar.com.mx /CatalogoRvos.app/Contents/Resources/style/icon flat_bottom_sewing.png
2022.07.12 16:23 B Z:\FTP\Catalogo Digital\CatalogoRvos.app\Contents\Resources\style\icon\flat_left_sewing.png --> ftp.laboratorioescolar.com.mx /CatalogoRvos.app/Contents/Resources/style/icon flat_left_sewing.png
2022.07.12 16:23 B Z:\FTP\Catalogo Digital\CatalogoRvos.app\Contents\Resources\style\icon\flat_right_sewing.png --> ftp.laboratorioescolar.com.mx /CatalogoRvos.app/Contents/Resources/style/icon flat_right_sewing.png
2022.07.12 16:23 B Z:\FTP\Catalogo Digital\CatalogoRvos.app\Contents\Resources\style\icon\flat_top_sewing.png --> ftp.laboratorioescolar.com.mx /CatalogoRvos.app/Contents/Resources/style/icon flat_top_sewing.png
2022.07.12 16:23 B Z:\FTP\Catalogo Digital\CatalogoRvos.app\Contents\Resources\style\icon\flipSoundOff.png --> ftp.laboratorioescolar.com.mx /CatalogoRvos.app/Contents/Resources/style/icon flipSoundOff.png
2022.07.12 16:23 B Z:\FTP\Catalogo Digital\CatalogoRvos.app\Contents\Resources\style\icon\flipSoundOn.png --> ftp.laboratorioescolar.com.mx /CatalogoRvos.app/Contents/Resources/style/icon flipSoundOn.png
2022.07.12 16:23 B Z:\FTP\Catalogo Digital\CatalogoRvos.app\Contents\Resources\style\icon\fontcolor.png --> ftp.laboratorioescolar.com.mx /CatalogoRvos.app/Contents/Resources/style/icon fontcolor.png
2022.07.12 16:23 B Z:\FTP\Catalogo Digital\CatalogoRvos.app\Contents\Resources\style\icon\forward.png --> ftp.laboratorioescolar.com.mx /CatalogoRvos.app/Contents/Resources/style/icon forward.png
2022.07.12 16:23 B Z:\FTP\Catalogo Digital\CatalogoRvos.app\Contents\Resources\style\icon\fullscreen.png --> ftp.laboratorioescolar.com.mx /CatalogoRvos.app/Contents/Resources/style/icon fullscreen.png
2022.07.12 16:23 B Z:\FTP\Catalogo Digital\CatalogoRvos.app\Contents\Resources\style\icon\google.png --> ftp.laboratorioescolar.com.mx /CatalogoRvos.app/Contents/Resources/style/icon google.png
2022.07.12 16:23 B Z:\FTP\Catalogo Digital\CatalogoRvos.app\Contents\Resources\style\icon\google.svg --> ftp.laboratorioescolar.com.mx /CatalogoRvos.app/Contents/Resources/style/icon google.svg
2022.07.12 16:23 B Z:\FTP\Catalogo Digital\CatalogoRvos.app\Contents\Resources\style\icon\gotoPage.png --> ftp.laboratorioescolar.com.mx /CatalogoRvos.app/Contents/Resources/style/icon gotoPage.png
2022.07.12 16:23 B Z:\FTP\Catalogo Digital\CatalogoRvos.app\Contents\Resources\style\icon\heart_mask.svg --> ftp.laboratorioescolar.com.mx /CatalogoRvos.app/Contents/Resources/style/icon heart_mask.svg
2022.07.12 16:23 B Z:\FTP\Catalogo Digital\CatalogoRvos.app\Contents\Resources\style\icon\Help.png --> ftp.laboratorioescolar.com.mx /CatalogoRvos.app/Contents/Resources/style/icon Help.png
2022.07.12 16:23 B Z:\FTP\Catalogo Digital\CatalogoRvos.app\Contents\Resources\style\icon\help_form.png --> ftp.laboratorioescolar.com.mx /CatalogoRvos.app/Contents/Resources/style/icon help_form.png
2022.07.12 16:23 B Z:\FTP\Catalogo Digital\CatalogoRvos.app\Contents\Resources\style\icon\hideShow.png --> ftp.laboratorioescolar.com.mx /CatalogoRvos.app/Contents/Resources/style/icon hideShow.png
2022.07.12 16:23 B Z:\FTP\Catalogo Digital\CatalogoRvos.app\Contents\Resources\style\icon\highligh.png --> ftp.laboratorioescolar.com.mx /CatalogoRvos.app/Contents/Resources/style/icon highligh.png
2022.07.12 16:23 B Z:\FTP\Catalogo Digital\CatalogoRvos.app\Contents\Resources\style\icon\highlight.png --> ftp.laboratorioescolar.com.mx /CatalogoRvos.app/Contents/Resources/style/icon highlight.png
2022.07.12 16:23 B Z:\FTP\Catalogo Digital\CatalogoRvos.app\Contents\Resources\style\icon\home.png --> ftp.laboratorioescolar.com.mx /CatalogoRvos.app/Contents/Resources/style/icon home.png
2022.07.12 16:23 B Z:\FTP\Catalogo Digital\CatalogoRvos.app\Contents\Resources\style\icon\hotspot_hand.png --> ftp.laboratorioescolar.com.mx /CatalogoRvos.app/Contents/Resources/style/icon hotspot_hand.png
2022.07.12 16:23 B Z:\FTP\Catalogo Digital\CatalogoRvos.app\Contents\Resources\style\icon\hotspot_hand2.png --> ftp.laboratorioescolar.com.mx /CatalogoRvos.app/Contents/Resources/style/icon hotspot_hand2.png
2022.07.12 16:23 B Z:\FTP\Catalogo Digital\CatalogoRvos.app\Contents\Resources\style\icon\houtui.png --> ftp.laboratorioescolar.com.mx /CatalogoRvos.app/Contents/Resources/style/icon houtui.png
2022.07.12 16:23 B Z:\FTP\Catalogo Digital\CatalogoRvos.app\Contents\Resources\style\icon\hyperlink.png --> ftp.laboratorioescolar.com.mx /CatalogoRvos.app/Contents/Resources/style/icon hyperlink.png
2022.07.12 16:23 B Z:\FTP\Catalogo Digital\CatalogoRvos.app\Contents\Resources\style\icon\ImgFile_update.png --> ftp.laboratorioescolar.com.mx /CatalogoRvos.app/Contents/Resources/style/icon ImgFile_update.png
2022.07.12 16:23 B Z:\FTP\Catalogo Digital\CatalogoRvos.app\Contents\Resources\style\icon\indent.png --> ftp.laboratorioescolar.com.mx /CatalogoRvos.app/Contents/Resources/style/icon indent.png
2022.07.12 16:23 B Z:\FTP\Catalogo Digital\CatalogoRvos.app\Contents\Resources\style\icon\italic.png --> ftp.laboratorioescolar.com.mx /CatalogoRvos.app/Contents/Resources/style/icon italic.png
2022.07.12 16:23 B Z:\FTP\Catalogo Digital\CatalogoRvos.app\Contents\Resources\style\icon\jsColorPanel.png --> ftp.laboratorioescolar.com.mx /CatalogoRvos.app/Contents/Resources/style/icon jsColorPanel.png
2022.07.12 16:23 B Z:\FTP\Catalogo Digital\CatalogoRvos.app\Contents\Resources\style\icon\justycenter.png --> ftp.laboratorioescolar.com.mx /CatalogoRvos.app/Contents/Resources/style/icon justycenter.png
2022.07.12 16:23 B Z:\FTP\Catalogo Digital\CatalogoRvos.app\Contents\Resources\style\icon\justyleft.png --> ftp.laboratorioescolar.com.mx /CatalogoRvos.app/Contents/Resources/style/icon justyleft.png
2022.07.12 16:23 B Z:\FTP\Catalogo Digital\CatalogoRvos.app\Contents\Resources\style\icon\justyright.png --> ftp.laboratorioescolar.com.mx /CatalogoRvos.app/Contents/Resources/style/icon justyright.png
2022.07.12 16:23 B Z:\FTP\Catalogo Digital\CatalogoRvos.app\Contents\Resources\style\icon\languageChange.png --> ftp.laboratorioescolar.com.mx /CatalogoRvos.app/Contents/Resources/style/icon languageChange.png
2022.07.12 16:23 B Z:\FTP\Catalogo Digital\CatalogoRvos.app\Contents\Resources\style\icon\Last.png --> ftp.laboratorioescolar.com.mx /CatalogoRvos.app/Contents/Resources/style/icon Last.png
2022.07.12 16:23 B Z:\FTP\Catalogo Digital\CatalogoRvos.app\Contents\Resources\style\icon\lastButton.png --> ftp.laboratorioescolar.com.mx /CatalogoRvos.app/Contents/Resources/style/icon lastButton.png
2022.07.12 16:23 B Z:\FTP\Catalogo Digital\CatalogoRvos.app\Contents\Resources\style\icon\leather1.png --> ftp.laboratorioescolar.com.mx /CatalogoRvos.app/Contents/Resources/style/icon leather1.png
2022.07.12 16:23 B Z:\FTP\Catalogo Digital\CatalogoRvos.app\Contents\Resources\style\icon\leather2.png --> ftp.laboratorioescolar.com.mx /CatalogoRvos.app/Contents/Resources/style/icon leather2.png
2022.07.12 16:23 B Z:\FTP\Catalogo Digital\CatalogoRvos.app\Contents\Resources\style\icon\left-shadow.png --> ftp.laboratorioescolar.com.mx /CatalogoRvos.app/Contents/Resources/style/icon left-shadow.png
2022.07.12 16:23 B Z:\FTP\Catalogo Digital\CatalogoRvos.app\Contents\Resources\style\icon\left-shadow1.png --> ftp.laboratorioescolar.com.mx /CatalogoRvos.app/Contents/Resources/style/icon left-shadow1.png
2022.07.12 16:23 B Z:\FTP\Catalogo Digital\CatalogoRvos.app\Contents\Resources\style\icon\left-shadow2.png --> ftp.laboratorioescolar.com.mx /CatalogoRvos.app/Contents/Resources/style/icon left-shadow2.png
2022.07.12 16:23 B Z:\FTP\Catalogo Digital\CatalogoRvos.app\Contents\Resources\style\icon\leftCoil.png --> ftp.laboratorioescolar.com.mx /CatalogoRvos.app/Contents/Resources/style/icon leftCoil.png
2022.07.12 16:23 B Z:\FTP\Catalogo Digital\CatalogoRvos.app\Contents\Resources\style\icon\leftCoil1.png --> ftp.laboratorioescolar.com.mx /CatalogoRvos.app/Contents/Resources/style/icon leftCoil1.png
2022.07.12 16:23 B Z:\FTP\Catalogo Digital\CatalogoRvos.app\Contents\Resources\style\icon\leftCoil1_bg.png --> ftp.laboratorioescolar.com.mx /CatalogoRvos.app/Contents/Resources/style/icon leftCoil1_bg.png
2022.07.12 16:23 B Z:\FTP\Catalogo Digital\CatalogoRvos.app\Contents\Resources\style\icon\leftCoil2.png --> ftp.laboratorioescolar.com.mx /CatalogoRvos.app/Contents/Resources/style/icon leftCoil2.png
2022.07.12 16:23 B Z:\FTP\Catalogo Digital\CatalogoRvos.app\Contents\Resources\style\icon\leftCoil2_bg.png --> ftp.laboratorioescolar.com.mx /CatalogoRvos.app/Contents/Resources/style/icon leftCoil2_bg.png
2022.07.12 16:23 B Z:\FTP\Catalogo Digital\CatalogoRvos.app\Contents\Resources\style\icon\link.svg --> ftp.laboratorioescolar.com.mx /CatalogoRvos.app/Contents/Resources/style/icon link.svg
2022.07.12 16:23 B Z:\FTP\Catalogo Digital\CatalogoRvos.app\Contents\Resources\style\icon\linkedin.png --> ftp.laboratorioescolar.com.mx /CatalogoRvos.app/Contents/Resources/style/icon linkedin.png
2022.07.12 16:23 B Z:\FTP\Catalogo Digital\CatalogoRvos.app\Contents\Resources\style\icon\linkedin.svg --> ftp.laboratorioescolar.com.mx /CatalogoRvos.app/Contents/Resources/style/icon linkedin.svg
2022.07.12 16:23 B Z:\FTP\Catalogo Digital\CatalogoRvos.app\Contents\Resources\style\icon\loading.gif --> ftp.laboratorioescolar.com.mx /CatalogoRvos.app/Contents/Resources/style/icon loading.gif
2022.07.12 16:23 B Z:\FTP\Catalogo Digital\CatalogoRvos.app\Contents\Resources\style\icon\logo.png --> ftp.laboratorioescolar.com.mx /CatalogoRvos.app/Contents/Resources/style/icon logo.png
2022.07.12 16:23 B Z:\FTP\Catalogo Digital\CatalogoRvos.app\Contents\Resources\style\icon\miBookmark.png --> ftp.laboratorioescolar.com.mx /CatalogoRvos.app/Contents/Resources/style/icon miBookmark.png
2022.07.12 16:23 B Z:\FTP\Catalogo Digital\CatalogoRvos.app\Contents\Resources\style\icon\middleShadow.png --> ftp.laboratorioescolar.com.mx /CatalogoRvos.app/Contents/Resources/style/icon middleShadow.png
2022.07.12 16:23 B Z:\FTP\Catalogo Digital\CatalogoRvos.app\Contents\Resources\style\icon\middleShadow2.png --> ftp.laboratorioescolar.com.mx /CatalogoRvos.app/Contents/Resources/style/icon middleShadow2.png
2022.07.12 16:23 B Z:\FTP\Catalogo Digital\CatalogoRvos.app\Contents\Resources\style\icon\miSearch.png --> ftp.laboratorioescolar.com.mx /CatalogoRvos.app/Contents/Resources/style/icon miSearch.png
2022.07.12 16:23 B Z:\FTP\Catalogo Digital\CatalogoRvos.app\Contents\Resources\style\icon\miShare.png --> ftp.laboratorioescolar.com.mx /CatalogoRvos.app/Contents/Resources/style/icon miShare.png
2022.07.12 16:24 B Z:\FTP\Catalogo Digital\CatalogoRvos.app\Contents\Resources\style\icon\more.png --> ftp.laboratorioescolar.com.mx /CatalogoRvos.app/Contents/Resources/style/icon more.png
2022.07.12 16:24 B Z:\FTP\Catalogo Digital\CatalogoRvos.app\Contents\Resources\style\icon\more.svg --> ftp.laboratorioescolar.com.mx /CatalogoRvos.app/Contents/Resources/style/icon more.svg
2022.07.12 16:24 B Z:\FTP\Catalogo Digital\CatalogoRvos.app\Contents\Resources\style\icon\moreBar.png --> ftp.laboratorioescolar.com.mx /CatalogoRvos.app/Contents/Resources/style/icon moreBar.png
2022.07.12 16:24 B Z:\FTP\Catalogo Digital\CatalogoRvos.app\Contents\Resources\style\icon\moveByDrag.png --> ftp.laboratorioescolar.com.mx /CatalogoRvos.app/Contents/Resources/style/icon moveByDrag.png
2022.07.12 16:24 B Z:\FTP\Catalogo Digital\CatalogoRvos.app\Contents\Resources\style\icon\moveByPos.png --> ftp.laboratorioescolar.com.mx /CatalogoRvos.app/Contents/Resources/style/icon moveByPos.png
2022.07.12 16:24 B Z:\FTP\Catalogo Digital\CatalogoRvos.app\Contents\Resources\style\icon\myspace.png --> ftp.laboratorioescolar.com.mx /CatalogoRvos.app/Contents/Resources/style/icon myspace.png
2022.07.12 16:24 B Z:\FTP\Catalogo Digital\CatalogoRvos.app\Contents\Resources\style\icon\nail.png --> ftp.laboratorioescolar.com.mx /CatalogoRvos.app/Contents/Resources/style/icon nail.png
2022.07.12 16:24 B Z:\FTP\Catalogo Digital\CatalogoRvos.app\Contents\Resources\style\icon\nail1.png --> ftp.laboratorioescolar.com.mx /CatalogoRvos.app/Contents/Resources/style/icon nail1.png
2022.07.12 16:24 B Z:\FTP\Catalogo Digital\CatalogoRvos.app\Contents\Resources\style\icon\NE.png --> ftp.laboratorioescolar.com.mx /CatalogoRvos.app/Contents/Resources/style/icon NE.png
2022.07.12 16:24 B Z:\FTP\Catalogo Digital\CatalogoRvos.app\Contents\Resources\style\icon\next.png --> ftp.laboratorioescolar.com.mx /CatalogoRvos.app/Contents/Resources/style/icon next.png
2022.07.12 16:24 B Z:\FTP\Catalogo Digital\CatalogoRvos.app\Contents\Resources\style\icon\next_down.png --> ftp.laboratorioescolar.com.mx /CatalogoRvos.app/Contents/Resources/style/icon next_down.png
2022.07.12 16:24 B Z:\FTP\Catalogo Digital\CatalogoRvos.app\Contents\Resources\style\icon\next_image.png --> ftp.laboratorioescolar.com.mx /CatalogoRvos.app/Contents/Resources/style/icon next_image.png
2022.07.12 16:24 B Z:\FTP\Catalogo Digital\CatalogoRvos.app\Contents\Resources\style\icon\next_normal.png --> ftp.laboratorioescolar.com.mx /CatalogoRvos.app/Contents/Resources/style/icon next_normal.png
2022.07.12 16:24 B Z:\FTP\Catalogo Digital\CatalogoRvos.app\Contents\Resources\style\icon\next_normal_down.png --> ftp.laboratorioescolar.com.mx /CatalogoRvos.app/Contents/Resources/style/icon next_normal_down.png
2022.07.12 16:24 B Z:\FTP\Catalogo Digital\CatalogoRvos.app\Contents\Resources\style\icon\next_page.png --> ftp.laboratorioescolar.com.mx /CatalogoRvos.app/Contents/Resources/style/icon next_page.png
2022.07.12 16:24 B Z:\FTP\Catalogo Digital\CatalogoRvos.app\Contents\Resources\style\icon\nextButton.png --> ftp.laboratorioescolar.com.mx /CatalogoRvos.app/Contents/Resources/style/icon nextButton.png
2022.07.12 16:24 B Z:\FTP\Catalogo Digital\CatalogoRvos.app\Contents\Resources\style\icon\normal_bottom_sewing.png --> ftp.laboratorioescolar.com.mx /CatalogoRvos.app/Contents/Resources/style/icon normal_bottom_sewing.png
2022.07.12 16:24 B Z:\FTP\Catalogo Digital\CatalogoRvos.app\Contents\Resources\style\icon\normal_left_sewing.png --> ftp.laboratorioescolar.com.mx /CatalogoRvos.app/Contents/Resources/style/icon normal_left_sewing.png
2022.07.12 16:24 B Z:\FTP\Catalogo Digital\CatalogoRvos.app\Contents\Resources\style\icon\normal_right_sewing.png --> ftp.laboratorioescolar.com.mx /CatalogoRvos.app/Contents/Resources/style/icon normal_right_sewing.png
2022.07.12 16:24 B Z:\FTP\Catalogo Digital\CatalogoRvos.app\Contents\Resources\style\icon\normal_top_sewing.png --> ftp.laboratorioescolar.com.mx /CatalogoRvos.app/Contents/Resources/style/icon normal_top_sewing.png
2022.07.12 16:24 B Z:\FTP\Catalogo Digital\CatalogoRvos.app\Contents\Resources\style\icon\note.jpg --> ftp.laboratorioescolar.com.mx /CatalogoRvos.app/Contents/Resources/style/icon note.jpg
2022.07.12 16:24 B Z:\FTP\Catalogo Digital\CatalogoRvos.app\Contents\Resources\style\icon\note.png --> ftp.laboratorioescolar.com.mx /CatalogoRvos.app/Contents/Resources/style/icon note.png
2022.07.12 16:24 B Z:\FTP\Catalogo Digital\CatalogoRvos.app\Contents\Resources\style\icon\note_close.png --> ftp.laboratorioescolar.com.mx /CatalogoRvos.app/Contents/Resources/style/icon note_close.png
2022.07.12 16:24 B Z:\FTP\Catalogo Digital\CatalogoRvos.app\Contents\Resources\style\icon\note_del.png --> ftp.laboratorioescolar.com.mx /CatalogoRvos.app/Contents/Resources/style/icon note_del.png
2022.07.12 16:24 B Z:\FTP\Catalogo Digital\CatalogoRvos.app\Contents\Resources\style\icon\note_edit.png --> ftp.laboratorioescolar.com.mx /CatalogoRvos.app/Contents/Resources/style/icon note_edit.png
2022.07.12 16:24 B Z:\FTP\Catalogo Digital\CatalogoRvos.app\Contents\Resources\style\icon\note_narrow.png --> ftp.laboratorioescolar.com.mx /CatalogoRvos.app/Contents/Resources/style/icon note_narrow.png
2022.07.12 16:24 B Z:\FTP\Catalogo Digital\CatalogoRvos.app\Contents\Resources\style\icon\note_page_add.png --> ftp.laboratorioescolar.com.mx /CatalogoRvos.app/Contents/Resources/style/icon note_page_add.png
2022.07.12 16:24 B Z:\FTP\Catalogo Digital\CatalogoRvos.app\Contents\Resources\style\icon\note_revert.png --> ftp.laboratorioescolar.com.mx /CatalogoRvos.app/Contents/Resources/style/icon note_revert.png
2022.07.12 16:24 B Z:\FTP\Catalogo Digital\CatalogoRvos.app\Contents\Resources\style\icon\note_save.png --> ftp.laboratorioescolar.com.mx /CatalogoRvos.app/Contents/Resources/style/icon note_save.png
2022.07.12 16:24 B Z:\FTP\Catalogo Digital\CatalogoRvos.app\Contents\Resources\style\icon\noteclose.png --> ftp.laboratorioescolar.com.mx /CatalogoRvos.app/Contents/Resources/style/icon noteclose.png
2022.07.12 16:24 B Z:\FTP\Catalogo Digital\CatalogoRvos.app\Contents\Resources\style\icon\noteclose_down.png --> ftp.laboratorioescolar.com.mx /CatalogoRvos.app/Contents/Resources/style/icon noteclose_down.png
2022.07.12 16:24 B Z:\FTP\Catalogo Digital\CatalogoRvos.app\Contents\Resources\style\icon\noteImg_close.png --> ftp.laboratorioescolar.com.mx /CatalogoRvos.app/Contents/Resources/style/icon noteImg_close.png
2022.07.12 16:24 B Z:\FTP\Catalogo Digital\CatalogoRvos.app\Contents\Resources\style\icon\noteImg_del.png --> ftp.laboratorioescolar.com.mx /CatalogoRvos.app/Contents/Resources/style/icon noteImg_del.png
2022.07.12 16:24 B Z:\FTP\Catalogo Digital\CatalogoRvos.app\Contents\Resources\style\icon\noteImg_save.png --> ftp.laboratorioescolar.com.mx /CatalogoRvos.app/Contents/Resources/style/icon noteImg_save.png
2022.07.12 16:24 B Z:\FTP\Catalogo Digital\CatalogoRvos.app\Contents\Resources\style\icon\notesadd.png --> ftp.laboratorioescolar.com.mx /CatalogoRvos.app/Contents/Resources/style/icon notesadd.png
2022.07.12 16:24 B Z:\FTP\Catalogo Digital\CatalogoRvos.app\Contents\Resources\style\icon\only-wechat.svg --> ftp.laboratorioescolar.com.mx /CatalogoRvos.app/Contents/Resources/style/icon only-wechat.svg
2022.07.12 16:24 B Z:\FTP\Catalogo Digital\CatalogoRvos.app\Contents\Resources\style\icon\opened.png --> ftp.laboratorioescolar.com.mx /CatalogoRvos.app/Contents/Resources/style/icon opened.png
2022.07.12 16:24 B Z:\FTP\Catalogo Digital\CatalogoRvos.app\Contents\Resources\style\icon\orderlist.png --> ftp.laboratorioescolar.com.mx /CatalogoRvos.app/Contents/Resources/style/icon orderlist.png
2022.07.12 16:24 B Z:\FTP\Catalogo Digital\CatalogoRvos.app\Contents\Resources\style\icon\oudent.png --> ftp.laboratorioescolar.com.mx /CatalogoRvos.app/Contents/Resources/style/icon oudent.png
2022.07.12 16:24 B Z:\FTP\Catalogo Digital\CatalogoRvos.app\Contents\Resources\style\icon\pad.png --> ftp.laboratorioescolar.com.mx /CatalogoRvos.app/Contents/Resources/style/icon pad.png
2022.07.12 16:24 B Z:\FTP\Catalogo Digital\CatalogoRvos.app\Contents\Resources\style\icon\pad_down.png --> ftp.laboratorioescolar.com.mx /CatalogoRvos.app/Contents/Resources/style/icon pad_down.png
2022.07.12 16:24 B Z:\FTP\Catalogo Digital\CatalogoRvos.app\Contents\Resources\style\icon\PB.png --> ftp.laboratorioescolar.com.mx /CatalogoRvos.app/Contents/Resources/style/icon PB.png
2022.07.12 16:24 B Z:\FTP\Catalogo Digital\CatalogoRvos.app\Contents\Resources\style\icon\pc.png --> ftp.laboratorioescolar.com.mx /CatalogoRvos.app/Contents/Resources/style/icon pc.png
2022.07.12 16:24 B Z:\FTP\Catalogo Digital\CatalogoRvos.app\Contents\Resources\style\icon\pc_down.png --> ftp.laboratorioescolar.com.mx /CatalogoRvos.app/Contents/Resources/style/icon pc_down.png
2022.07.12 16:24 B Z:\FTP\Catalogo Digital\CatalogoRvos.app\Contents\Resources\style\icon\pen.png --> ftp.laboratorioescolar.com.mx /CatalogoRvos.app/Contents/Resources/style/icon pen.png
2022.07.12 16:24 B Z:\FTP\Catalogo Digital\CatalogoRvos.app\Contents\Resources\style\icon\Peter.png --> ftp.laboratorioescolar.com.mx /CatalogoRvos.app/Contents/Resources/style/icon Peter.png
2022.07.12 16:24 B Z:\FTP\Catalogo Digital\CatalogoRvos.app\Contents\Resources\style\icon\phone.png --> ftp.laboratorioescolar.com.mx /CatalogoRvos.app/Contents/Resources/style/icon phone.png
2022.07.12 16:24 B Z:\FTP\Catalogo Digital\CatalogoRvos.app\Contents\Resources\style\icon\phone_down.png --> ftp.laboratorioescolar.com.mx /CatalogoRvos.app/Contents/Resources/style/icon phone_down.png
2022.07.12 16:24 B Z:\FTP\Catalogo Digital\CatalogoRvos.app\Contents\Resources\style\icon\phone_small.png --> ftp.laboratorioescolar.com.mx /CatalogoRvos.app/Contents/Resources/style/icon phone_small.png
2022.07.12 16:24 B Z:\FTP\Catalogo Digital\CatalogoRvos.app\Contents\Resources\style\icon\photo_next.png --> ftp.laboratorioescolar.com.mx /CatalogoRvos.app/Contents/Resources/style/icon photo_next.png
2022.07.12 16:24 B Z:\FTP\Catalogo Digital\CatalogoRvos.app\Contents\Resources\style\icon\photo_prev.png --> ftp.laboratorioescolar.com.mx /CatalogoRvos.app/Contents/Resources/style/icon photo_prev.png
2022.07.12 16:24 B Z:\FTP\Catalogo Digital\CatalogoRvos.app\Contents\Resources\style\icon\photoGallery.png --> ftp.laboratorioescolar.com.mx /CatalogoRvos.app/Contents/Resources/style/icon photoGallery.png
2022.07.12 16:24 B Z:\FTP\Catalogo Digital\CatalogoRvos.app\Contents\Resources\style\icon\photoGallery_close.png --> ftp.laboratorioescolar.com.mx /CatalogoRvos.app/Contents/Resources/style/icon photoGallery_close.png
2022.07.12 16:24 B Z:\FTP\Catalogo Digital\CatalogoRvos.app\Contents\Resources\style\icon\pit.png --> ftp.laboratorioescolar.com.mx /CatalogoRvos.app/Contents/Resources/style/icon pit.png
2022.07.12 16:24 B Z:\FTP\Catalogo Digital\CatalogoRvos.app\Contents\Resources\style\icon\pit2.png --> ftp.laboratorioescolar.com.mx /CatalogoRvos.app/Contents/Resources/style/icon pit2.png
2022.07.12 16:24 B Z:\FTP\Catalogo Digital\CatalogoRvos.app\Contents\Resources\style\icon\play.png --> ftp.laboratorioescolar.com.mx /CatalogoRvos.app/Contents/Resources/style/icon play.png
2022.07.12 16:24 B Z:\FTP\Catalogo Digital\CatalogoRvos.app\Contents\Resources\style\icon\player-exit-fullscreen.png --> ftp.laboratorioescolar.com.mx /CatalogoRvos.app/Contents/Resources/style/icon player-exit-fullscreen.png
2022.07.12 16:24 B Z:\FTP\Catalogo Digital\CatalogoRvos.app\Contents\Resources\style\icon\player-fullscreen.png --> ftp.laboratorioescolar.com.mx /CatalogoRvos.app/Contents/Resources/style/icon player-fullscreen.png
2022.07.12 16:24 B Z:\FTP\Catalogo Digital\CatalogoRvos.app\Contents\Resources\style\icon\player-handle.png --> ftp.laboratorioescolar.com.mx /CatalogoRvos.app/Contents/Resources/style/icon player-handle.png
2022.07.12 16:24 B Z:\FTP\Catalogo Digital\CatalogoRvos.app\Contents\Resources\style\icon\player-pause.png --> ftp.laboratorioescolar.com.mx /CatalogoRvos.app/Contents/Resources/style/icon player-pause.png
2022.07.12 16:24 B Z:\FTP\Catalogo Digital\CatalogoRvos.app\Contents\Resources\style\icon\player-play.png --> ftp.laboratorioescolar.com.mx /CatalogoRvos.app/Contents/Resources/style/icon player-play.png
2022.07.12 16:24 B Z:\FTP\Catalogo Digital\CatalogoRvos.app\Contents\Resources\style\icon\player-screenplay.png --> ftp.laboratorioescolar.com.mx /CatalogoRvos.app/Contents/Resources/style/icon player-screenplay.png
2022.07.12 16:24 B Z:\FTP\Catalogo Digital\CatalogoRvos.app\Contents\Resources\style\icon\player-volume-full.png --> ftp.laboratorioescolar.com.mx /CatalogoRvos.app/Contents/Resources/style/icon player-volume-full.png
2022.07.12 16:24 B Z:\FTP\Catalogo Digital\CatalogoRvos.app\Contents\Resources\style\icon\player-volume.png --> ftp.laboratorioescolar.com.mx /CatalogoRvos.app/Contents/Resources/style/icon player-volume.png
2022.07.12 16:24 B Z:\FTP\Catalogo Digital\CatalogoRvos.app\Contents\Resources\style\icon\poster.svg --> ftp.laboratorioescolar.com.mx /CatalogoRvos.app/Contents/Resources/style/icon poster.svg
2022.07.12 16:24 B Z:\FTP\Catalogo Digital\CatalogoRvos.app\Contents\Resources\style\icon\posterBg.jpg --> ftp.laboratorioescolar.com.mx /CatalogoRvos.app/Contents/Resources/style/icon posterBg.jpg
2022.07.12 16:24 B Z:\FTP\Catalogo Digital\CatalogoRvos.app\Contents\Resources\style\icon\PR.png --> ftp.laboratorioescolar.com.mx /CatalogoRvos.app/Contents/Resources/style/icon PR.png
2022.07.12 16:24 B Z:\FTP\Catalogo Digital\CatalogoRvos.app\Contents\Resources\style\icon\pre_image.png --> ftp.laboratorioescolar.com.mx /CatalogoRvos.app/Contents/Resources/style/icon pre_image.png
2022.07.12 16:24 B Z:\FTP\Catalogo Digital\CatalogoRvos.app\Contents\Resources\style\icon\pre_page.png --> ftp.laboratorioescolar.com.mx /CatalogoRvos.app/Contents/Resources/style/icon pre_page.png
2022.07.12 16:24 B Z:\FTP\Catalogo Digital\CatalogoRvos.app\Contents\Resources\style\icon\press_left.png --> ftp.laboratorioescolar.com.mx /CatalogoRvos.app/Contents/Resources/style/icon press_left.png
2022.07.12 16:24 B Z:\FTP\Catalogo Digital\CatalogoRvos.app\Contents\Resources\style\icon\press_right.png --> ftp.laboratorioescolar.com.mx /CatalogoRvos.app/Contents/Resources/style/icon press_right.png
2022.07.12 16:24 B Z:\FTP\Catalogo Digital\CatalogoRvos.app\Contents\Resources\style\icon\prev.png --> ftp.laboratorioescolar.com.mx /CatalogoRvos.app/Contents/Resources/style/icon prev.png
2022.07.12 16:24 B Z:\FTP\Catalogo Digital\CatalogoRvos.app\Contents\Resources\style\icon\prev_page.png --> ftp.laboratorioescolar.com.mx /CatalogoRvos.app/Contents/Resources/style/icon prev_page.png
2022.07.12 16:24 B Z:\FTP\Catalogo Digital\CatalogoRvos.app\Contents\Resources\style\icon\prevButton.png --> ftp.laboratorioescolar.com.mx /CatalogoRvos.app/Contents/Resources/style/icon prevButton.png
2022.07.12 16:24 B Z:\FTP\Catalogo Digital\CatalogoRvos.app\Contents\Resources\style\icon\previous_down.png --> ftp.laboratorioescolar.com.mx /CatalogoRvos.app/Contents/Resources/style/icon previous_down.png
2022.07.12 16:24 B Z:\FTP\Catalogo Digital\CatalogoRvos.app\Contents\Resources\style\icon\previous_normal.png --> ftp.laboratorioescolar.com.mx /CatalogoRvos.app/Contents/Resources/style/icon previous_normal.png
2022.07.12 16:24 B Z:\FTP\Catalogo Digital\CatalogoRvos.app\Contents\Resources\style\icon\previous_normal_down.png --> ftp.laboratorioescolar.com.mx /CatalogoRvos.app/Contents/Resources/style/icon previous_normal_down.png
2022.07.12 16:24 B Z:\FTP\Catalogo Digital\CatalogoRvos.app\Contents\Resources\style\icon\print.png --> ftp.laboratorioescolar.com.mx /CatalogoRvos.app/Contents/Resources/style/icon print.png
2022.07.12 16:24 B Z:\FTP\Catalogo Digital\CatalogoRvos.app\Contents\Resources\style\icon\print_icon.png --> ftp.laboratorioescolar.com.mx /CatalogoRvos.app/Contents/Resources/style/icon print_icon.png
2022.07.12 16:24 B Z:\FTP\Catalogo Digital\CatalogoRvos.app\Contents\Resources\style\icon\print_left.png --> ftp.laboratorioescolar.com.mx /CatalogoRvos.app/Contents/Resources/style/icon print_left.png
2022.07.12 16:24 B Z:\FTP\Catalogo Digital\CatalogoRvos.app\Contents\Resources\style\icon\print_off.png --> ftp.laboratorioescolar.com.mx /CatalogoRvos.app/Contents/Resources/style/icon print_off.png
2022.07.12 16:24 B Z:\FTP\Catalogo Digital\CatalogoRvos.app\Contents\Resources\style\icon\print_on.png --> ftp.laboratorioescolar.com.mx /CatalogoRvos.app/Contents/Resources/style/icon print_on.png
2022.07.12 16:24 B Z:\FTP\Catalogo Digital\CatalogoRvos.app\Contents\Resources\style\icon\print_right.png --> ftp.laboratorioescolar.com.mx /CatalogoRvos.app/Contents/Resources/style/icon print_right.png
2022.07.12 16:24 B Z:\FTP\Catalogo Digital\CatalogoRvos.app\Contents\Resources\style\icon\progress.gif --> ftp.laboratorioescolar.com.mx /CatalogoRvos.app/Contents/Resources/style/icon progress.gif
2022.07.12 16:24 B Z:\FTP\Catalogo Digital\CatalogoRvos.app\Contents\Resources\style\icon\progress.png --> ftp.laboratorioescolar.com.mx /CatalogoRvos.app/Contents/Resources/style/icon progress.png
2022.07.12 16:24 B Z:\FTP\Catalogo Digital\CatalogoRvos.app\Contents\Resources\style\icon\qrcode.svg --> ftp.laboratorioescolar.com.mx /CatalogoRvos.app/Contents/Resources/style/icon qrcode.svg
2022.07.12 16:24 B Z:\FTP\Catalogo Digital\CatalogoRvos.app\Contents\Resources\style\icon\quiz.png --> ftp.laboratorioescolar.com.mx /CatalogoRvos.app/Contents/Resources/style/icon quiz.png
2022.07.12 16:24 B Z:\FTP\Catalogo Digital\CatalogoRvos.app\Contents\Resources\style\icon\rect_mask.svg --> ftp.laboratorioescolar.com.mx /CatalogoRvos.app/Contents/Resources/style/icon rect_mask.svg
2022.07.12 16:24 B Z:\FTP\Catalogo Digital\CatalogoRvos.app\Contents\Resources\style\icon\reddit.png --> ftp.laboratorioescolar.com.mx /CatalogoRvos.app/Contents/Resources/style/icon reddit.png
2022.07.12 16:24 B Z:\FTP\Catalogo Digital\CatalogoRvos.app\Contents\Resources\style\icon\reddit.svg --> ftp.laboratorioescolar.com.mx /CatalogoRvos.app/Contents/Resources/style/icon reddit.svg
2022.07.12 16:24 B Z:\FTP\Catalogo Digital\CatalogoRvos.app\Contents\Resources\style\icon\redo.png --> ftp.laboratorioescolar.com.mx /CatalogoRvos.app/Contents/Resources/style/icon redo.png
2022.07.12 16:24 B Z:\FTP\Catalogo Digital\CatalogoRvos.app\Contents\Resources\style\icon\remark.png --> ftp.laboratorioescolar.com.mx /CatalogoRvos.app/Contents/Resources/style/icon remark.png
2022.07.12 16:24 B Z:\FTP\Catalogo Digital\CatalogoRvos.app\Contents\Resources\style\icon\rightCoil.png --> ftp.laboratorioescolar.com.mx /CatalogoRvos.app/Contents/Resources/style/icon rightCoil.png
2022.07.12 16:24 B Z:\FTP\Catalogo Digital\CatalogoRvos.app\Contents\Resources\style\icon\rightCoil1.png --> ftp.laboratorioescolar.com.mx /CatalogoRvos.app/Contents/Resources/style/icon rightCoil1.png
2022.07.12 16:24 B Z:\FTP\Catalogo Digital\CatalogoRvos.app\Contents\Resources\style\icon\rightCoil1_bg.png --> ftp.laboratorioescolar.com.mx /CatalogoRvos.app/Contents/Resources/style/icon rightCoil1_bg.png
2022.07.12 16:24 B Z:\FTP\Catalogo Digital\CatalogoRvos.app\Contents\Resources\style\icon\rightCoil2.png --> ftp.laboratorioescolar.com.mx /CatalogoRvos.app/Contents/Resources/style/icon rightCoil2.png
2022.07.12 16:24 B Z:\FTP\Catalogo Digital\CatalogoRvos.app\Contents\Resources\style\icon\rightCoil2_bg.png --> ftp.laboratorioescolar.com.mx /CatalogoRvos.app/Contents/Resources/style/icon rightCoil2_bg.png
2022.07.12 16:24 B Z:\FTP\Catalogo Digital\CatalogoRvos.app\Contents\Resources\style\icon\round-player-exit-fullscreen.png --> ftp.laboratorioescolar.com.mx /CatalogoRvos.app/Contents/Resources/style/icon round-player-exit-fullscreen.png
2022.07.12 16:24 B Z:\FTP\Catalogo Digital\CatalogoRvos.app\Contents\Resources\style\icon\round-player-fullscreen.png --> ftp.laboratorioescolar.com.mx /CatalogoRvos.app/Contents/Resources/style/icon round-player-fullscreen.png
2022.07.12 16:24 B Z:\FTP\Catalogo Digital\CatalogoRvos.app\Contents\Resources\style\icon\round-seek-handle.png --> ftp.laboratorioescolar.com.mx /CatalogoRvos.app/Contents/Resources/style/icon round-seek-handle.png
2022.07.12 16:24 B Z:\FTP\Catalogo Digital\CatalogoRvos.app\Contents\Resources\style\icon\save.png --> ftp.laboratorioescolar.com.mx /CatalogoRvos.app/Contents/Resources/style/icon save.png
2022.07.12 16:24 B Z:\FTP\Catalogo Digital\CatalogoRvos.app\Contents\Resources\style\icon\search.png --> ftp.laboratorioescolar.com.mx /CatalogoRvos.app/Contents/Resources/style/icon search.png
2022.07.12 16:24 B Z:\FTP\Catalogo Digital\CatalogoRvos.app\Contents\Resources\style\icon\search_form.png --> ftp.laboratorioescolar.com.mx /CatalogoRvos.app/Contents/Resources/style/icon search_form.png
2022.07.12 16:24 B Z:\FTP\Catalogo Digital\CatalogoRvos.app\Contents\Resources\style\icon\searchButton.png --> ftp.laboratorioescolar.com.mx /CatalogoRvos.app/Contents/Resources/style/icon searchButton.png
2022.07.12 16:24 B Z:\FTP\Catalogo Digital\CatalogoRvos.app\Contents\Resources\style\icon\set.png --> ftp.laboratorioescolar.com.mx /CatalogoRvos.app/Contents/Resources/style/icon set.png
2022.07.12 16:24 B Z:\FTP\Catalogo Digital\CatalogoRvos.app\Contents\Resources\style\icon\setting.png --> ftp.laboratorioescolar.com.mx /CatalogoRvos.app/Contents/Resources/style/icon setting.png
2022.07.12 16:24 B Z:\FTP\Catalogo Digital\CatalogoRvos.app\Contents\Resources\style\icon\shadow.png --> ftp.laboratorioescolar.com.mx /CatalogoRvos.app/Contents/Resources/style/icon shadow.png
2022.07.12 16:24 B Z:\FTP\Catalogo Digital\CatalogoRvos.app\Contents\Resources\style\icon\shape.png --> ftp.laboratorioescolar.com.mx /CatalogoRvos.app/Contents/Resources/style/icon shape.png
2022.07.12 16:24 B Z:\FTP\Catalogo Digital\CatalogoRvos.app\Contents\Resources\style\icon\shapes_arrow.png --> ftp.laboratorioescolar.com.mx /CatalogoRvos.app/Contents/Resources/style/icon shapes_arrow.png
2022.07.12 16:24 B Z:\FTP\Catalogo Digital\CatalogoRvos.app\Contents\Resources\style\icon\shapes_ellipse.png --> ftp.laboratorioescolar.com.mx /CatalogoRvos.app/Contents/Resources/style/icon shapes_ellipse.png
2022.07.12 16:24 B Z:\FTP\Catalogo Digital\CatalogoRvos.app\Contents\Resources\style\icon\shapes_line.png --> ftp.laboratorioescolar.com.mx /CatalogoRvos.app/Contents/Resources/style/icon shapes_line.png
2022.07.12 16:24 B Z:\FTP\Catalogo Digital\CatalogoRvos.app\Contents\Resources\style\icon\shapes_rect.png --> ftp.laboratorioescolar.com.mx /CatalogoRvos.app/Contents/Resources/style/icon shapes_rect.png
2022.07.12 16:24 B Z:\FTP\Catalogo Digital\CatalogoRvos.app\Contents\Resources\style\icon\share.png --> ftp.laboratorioescolar.com.mx /CatalogoRvos.app/Contents/Resources/style/icon share.png
2022.07.12 16:24 B Z:\FTP\Catalogo Digital\CatalogoRvos.app\Contents\Resources\style\icon\sharethis.png --> ftp.laboratorioescolar.com.mx /CatalogoRvos.app/Contents/Resources/style/icon sharethis.png
2022.07.12 16:24 B Z:\FTP\Catalogo Digital\CatalogoRvos.app\Contents\Resources\style\icon\showNoteList.png --> ftp.laboratorioescolar.com.mx /CatalogoRvos.app/Contents/Resources/style/icon showNoteList.png
2022.07.12 16:25 B Z:\FTP\Catalogo Digital\CatalogoRvos.app\Contents\Resources\style\icon\shrink.png --> ftp.laboratorioescolar.com.mx /CatalogoRvos.app/Contents/Resources/style/icon shrink.png
2022.07.12 16:25 B Z:\FTP\Catalogo Digital\CatalogoRvos.app\Contents\Resources\style\icon\signature.png --> ftp.laboratorioescolar.com.mx /CatalogoRvos.app/Contents/Resources/style/icon signature.png
2022.07.12 16:25 B Z:\FTP\Catalogo Digital\CatalogoRvos.app\Contents\Resources\style\icon\signature_close.png --> ftp.laboratorioescolar.com.mx /CatalogoRvos.app/Contents/Resources/style/icon signature_close.png
2022.07.12 16:25 B Z:\FTP\Catalogo Digital\CatalogoRvos.app\Contents\Resources\style\icon\signature_date.png --> ftp.laboratorioescolar.com.mx /CatalogoRvos.app/Contents/Resources/style/icon signature_date.png
2022.07.12 16:25 B Z:\FTP\Catalogo Digital\CatalogoRvos.app\Contents\Resources\style\icon\signature_dateClose.png --> ftp.laboratorioescolar.com.mx /CatalogoRvos.app/Contents/Resources/style/icon signature_dateClose.png
2022.07.12 16:25 B Z:\FTP\Catalogo Digital\CatalogoRvos.app\Contents\Resources\style\icon\signature_del.png --> ftp.laboratorioescolar.com.mx /CatalogoRvos.app/Contents/Resources/style/icon signature_del.png
2022.07.12 16:25 B Z:\FTP\Catalogo Digital\CatalogoRvos.app\Contents\Resources\style\icon\signature_down.png --> ftp.laboratorioescolar.com.mx /CatalogoRvos.app/Contents/Resources/style/icon signature_down.png
2022.07.12 16:25 B Z:\FTP\Catalogo Digital\CatalogoRvos.app\Contents\Resources\style\icon\signature_revert.png --> ftp.laboratorioescolar.com.mx /CatalogoRvos.app/Contents/Resources/style/icon signature_revert.png
2022.07.12 16:25 B Z:\FTP\Catalogo Digital\CatalogoRvos.app\Contents\Resources\style\icon\signature_up.png --> ftp.laboratorioescolar.com.mx /CatalogoRvos.app/Contents/Resources/style/icon signature_up.png
2022.07.12 16:25 B Z:\FTP\Catalogo Digital\CatalogoRvos.app\Contents\Resources\style\icon\silk1.png --> ftp.laboratorioescolar.com.mx /CatalogoRvos.app/Contents/Resources/style/icon silk1.png
2022.07.12 16:25 B Z:\FTP\Catalogo Digital\CatalogoRvos.app\Contents\Resources\style\icon\silk2.png --> ftp.laboratorioescolar.com.mx /CatalogoRvos.app/Contents/Resources/style/icon silk2.png
2022.07.12 16:25 B Z:\FTP\Catalogo Digital\CatalogoRvos.app\Contents\Resources\style\icon\silk3.png --> ftp.laboratorioescolar.com.mx /CatalogoRvos.app/Contents/Resources/style/icon silk3.png
2022.07.12 16:25 B Z:\FTP\Catalogo Digital\CatalogoRvos.app\Contents\Resources\style\icon\silk4.png --> ftp.laboratorioescolar.com.mx /CatalogoRvos.app/Contents/Resources/style/icon silk4.png
2022.07.12 16:25 B Z:\FTP\Catalogo Digital\CatalogoRvos.app\Contents\Resources\style\icon\singleClose.png --> ftp.laboratorioescolar.com.mx /CatalogoRvos.app/Contents/Resources/style/icon singleClose.png
2022.07.12 16:25 B Z:\FTP\Catalogo Digital\CatalogoRvos.app\Contents\Resources\style\icon\slide-exitFullscreen.png --> ftp.laboratorioescolar.com.mx /CatalogoRvos.app/Contents/Resources/style/icon slide-exitFullscreen.png
2022.07.12 16:25 B Z:\FTP\Catalogo Digital\CatalogoRvos.app\Contents\Resources\style\icon\slide-fullscreen.png --> ftp.laboratorioescolar.com.mx /CatalogoRvos.app/Contents/Resources/style/icon slide-fullscreen.png
2022.07.12 16:25 B Z:\FTP\Catalogo Digital\CatalogoRvos.app\Contents\Resources\style\icon\slide-home.png --> ftp.laboratorioescolar.com.mx /CatalogoRvos.app/Contents/Resources/style/icon slide-home.png
2022.07.12 16:25 B Z:\FTP\Catalogo Digital\CatalogoRvos.app\Contents\Resources\style\icon\slide-share.png --> ftp.laboratorioescolar.com.mx /CatalogoRvos.app/Contents/Resources/style/icon slide-share.png
2022.07.12 16:25 B Z:\FTP\Catalogo Digital\CatalogoRvos.app\Contents\Resources\style\icon\slide_exitfullscreen_shortcut.png --> ftp.laboratorioescolar.com.mx /CatalogoRvos.app/Contents/Resources/style/icon slide_exitfullscreen_shortcut.png
2022.07.12 16:25 B Z:\FTP\Catalogo Digital\CatalogoRvos.app\Contents\Resources\style\icon\slide_firstButton.png --> ftp.laboratorioescolar.com.mx /CatalogoRvos.app/Contents/Resources/style/icon slide_firstButton.png
2022.07.12 16:25 B Z:\FTP\Catalogo Digital\CatalogoRvos.app\Contents\Resources\style\icon\slide_fullscreen_shortcut.png --> ftp.laboratorioescolar.com.mx /CatalogoRvos.app/Contents/Resources/style/icon slide_fullscreen_shortcut.png
2022.07.12 16:25 B Z:\FTP\Catalogo Digital\CatalogoRvos.app\Contents\Resources\style\icon\slide_lastButton.png --> ftp.laboratorioescolar.com.mx /CatalogoRvos.app/Contents/Resources/style/icon slide_lastButton.png
2022.07.12 16:25 B Z:\FTP\Catalogo Digital\CatalogoRvos.app\Contents\Resources\style\icon\slide_leftButton.png --> ftp.laboratorioescolar.com.mx /CatalogoRvos.app/Contents/Resources/style/icon slide_leftButton.png
2022.07.12 16:25 B Z:\FTP\Catalogo Digital\CatalogoRvos.app\Contents\Resources\style\icon\slide_menu_shortcut.png --> ftp.laboratorioescolar.com.mx /CatalogoRvos.app/Contents/Resources/style/icon slide_menu_shortcut.png
2022.07.12 16:25 B Z:\FTP\Catalogo Digital\CatalogoRvos.app\Contents\Resources\style\icon\slide_next_page.png --> ftp.laboratorioescolar.com.mx /CatalogoRvos.app/Contents/Resources/style/icon slide_next_page.png
2022.07.12 16:25 B Z:\FTP\Catalogo Digital\CatalogoRvos.app\Contents\Resources\style\icon\slide_prev_page.png --> ftp.laboratorioescolar.com.mx /CatalogoRvos.app/Contents/Resources/style/icon slide_prev_page.png
2022.07.12 16:25 B Z:\FTP\Catalogo Digital\CatalogoRvos.app\Contents\Resources\style\icon\slide_rightButton.png --> ftp.laboratorioescolar.com.mx /CatalogoRvos.app/Contents/Resources/style/icon slide_rightButton.png
2022.07.12 16:25 B Z:\FTP\Catalogo Digital\CatalogoRvos.app\Contents\Resources\style\icon\slide_thumbnail_shortcut.png --> ftp.laboratorioescolar.com.mx /CatalogoRvos.app/Contents/Resources/style/icon slide_thumbnail_shortcut.png
2022.07.12 16:25 B Z:\FTP\Catalogo Digital\CatalogoRvos.app\Contents\Resources\style\icon\smallblack-buttons.png --> ftp.laboratorioescolar.com.mx /CatalogoRvos.app/Contents/Resources/style/icon smallblack-buttons.png
2022.07.12 16:25 B Z:\FTP\Catalogo Digital\CatalogoRvos.app\Contents\Resources\style\icon\soundOff.png --> ftp.laboratorioescolar.com.mx /CatalogoRvos.app/Contents/Resources/style/icon soundOff.png
2022.07.12 16:25 B Z:\FTP\Catalogo Digital\CatalogoRvos.app\Contents\Resources\style\icon\soundOn.png --> ftp.laboratorioescolar.com.mx /CatalogoRvos.app/Contents/Resources/style/icon soundOn.png
2022.07.12 16:25 B Z:\FTP\Catalogo Digital\CatalogoRvos.app\Contents\Resources\style\icon\span.png --> ftp.laboratorioescolar.com.mx /CatalogoRvos.app/Contents/Resources/style/icon span.png
2022.07.12 16:25 B Z:\FTP\Catalogo Digital\CatalogoRvos.app\Contents\Resources\style\icon\star_mask.svg --> ftp.laboratorioescolar.com.mx /CatalogoRvos.app/Contents/Resources/style/icon star_mask.svg
2022.07.12 16:25 B Z:\FTP\Catalogo Digital\CatalogoRvos.app\Contents\Resources\style\icon\stitch.png --> ftp.laboratorioescolar.com.mx /CatalogoRvos.app/Contents/Resources/style/icon stitch.png
2022.07.12 16:25 B Z:\FTP\Catalogo Digital\CatalogoRvos.app\Contents\Resources\style\icon\stop.png --> ftp.laboratorioescolar.com.mx /CatalogoRvos.app/Contents/Resources/style/icon stop.png
2022.07.12 16:25 B Z:\FTP\Catalogo Digital\CatalogoRvos.app\Contents\Resources\style\icon\stopAutoPlay.png --> ftp.laboratorioescolar.com.mx /CatalogoRvos.app/Contents/Resources/style/icon stopAutoPlay.png
2022.07.12 16:25 B Z:\FTP\Catalogo Digital\CatalogoRvos.app\Contents\Resources\style\icon\strickthrough.png --> ftp.laboratorioescolar.com.mx /CatalogoRvos.app/Contents/Resources/style/icon strickthrough.png
2022.07.12 16:25 B Z:\FTP\Catalogo Digital\CatalogoRvos.app\Contents\Resources\style\icon\strikethrough.png --> ftp.laboratorioescolar.com.mx /CatalogoRvos.app/Contents/Resources/style/icon strikethrough.png
2022.07.12 16:25 B Z:\FTP\Catalogo Digital\CatalogoRvos.app\Contents\Resources\style\icon\tableOfContent.png --> ftp.laboratorioescolar.com.mx /CatalogoRvos.app/Contents/Resources/style/icon tableOfContent.png
2022.07.12 16:25 B Z:\FTP\Catalogo Digital\CatalogoRvos.app\Contents\Resources\style\icon\textDown.png --> ftp.laboratorioescolar.com.mx /CatalogoRvos.app/Contents/Resources/style/icon textDown.png
2022.07.12 16:25 B Z:\FTP\Catalogo Digital\CatalogoRvos.app\Contents\Resources\style\icon\textUp.png --> ftp.laboratorioescolar.com.mx /CatalogoRvos.app/Contents/Resources/style/icon textUp.png
2022.07.12 16:25 B Z:\FTP\Catalogo Digital\CatalogoRvos.app\Contents\Resources\style\icon\thickness.png --> ftp.laboratorioescolar.com.mx /CatalogoRvos.app/Contents/Resources/style/icon thickness.png
2022.07.12 16:25 B Z:\FTP\Catalogo Digital\CatalogoRvos.app\Contents\Resources\style\icon\thickness_left.png --> ftp.laboratorioescolar.com.mx /CatalogoRvos.app/Contents/Resources/style/icon thickness_left.png
2022.07.12 16:25 B Z:\FTP\Catalogo Digital\CatalogoRvos.app\Contents\Resources\style\icon\thumb.png --> ftp.laboratorioescolar.com.mx /CatalogoRvos.app/Contents/Resources/style/icon thumb.png
2022.07.12 16:25 B Z:\FTP\Catalogo Digital\CatalogoRvos.app\Contents\Resources\style\icon\thumbnail_point.png --> ftp.laboratorioescolar.com.mx /CatalogoRvos.app/Contents/Resources/style/icon thumbnail_point.png
2022.07.12 16:25 B Z:\FTP\Catalogo Digital\CatalogoRvos.app\Contents\Resources\style\icon\thumbnails.png --> ftp.laboratorioescolar.com.mx /CatalogoRvos.app/Contents/Resources/style/icon thumbnails.png
2022.07.12 16:25 B Z:\FTP\Catalogo Digital\CatalogoRvos.app\Contents\Resources\style\icon\thumbnails_down.png --> ftp.laboratorioescolar.com.mx /CatalogoRvos.app/Contents/Resources/style/icon thumbnails_down.png
2022.07.12 16:25 B Z:\FTP\Catalogo Digital\CatalogoRvos.app\Contents\Resources\style\icon\toolbarshow.png --> ftp.laboratorioescolar.com.mx /CatalogoRvos.app/Contents/Resources/style/icon toolbarshow.png
2022.07.12 16:25 B Z:\FTP\Catalogo Digital\CatalogoRvos.app\Contents\Resources\style\icon\toolbarshow_down.png --> ftp.laboratorioescolar.com.mx /CatalogoRvos.app/Contents/Resources/style/icon toolbarshow_down.png
2022.07.12 16:25 B Z:\FTP\Catalogo Digital\CatalogoRvos.app\Contents\Resources\style\icon\twitter.png --> ftp.laboratorioescolar.com.mx /CatalogoRvos.app/Contents/Resources/style/icon twitter.png
2022.07.12 16:25 B Z:\FTP\Catalogo Digital\CatalogoRvos.app\Contents\Resources\style\icon\twitter.svg --> ftp.laboratorioescolar.com.mx /CatalogoRvos.app/Contents/Resources/style/icon twitter.svg
2022.07.12 16:25 B Z:\FTP\Catalogo Digital\CatalogoRvos.app\Contents\Resources\style\icon\unchoosed.png --> ftp.laboratorioescolar.com.mx /CatalogoRvos.app/Contents/Resources/style/icon unchoosed.png
2022.07.12 16:25 B Z:\FTP\Catalogo Digital\CatalogoRvos.app\Contents\Resources\style\icon\underline.png --> ftp.laboratorioescolar.com.mx /CatalogoRvos.app/Contents/Resources/style/icon underline.png
2022.07.12 16:25 B Z:\FTP\Catalogo Digital\CatalogoRvos.app\Contents\Resources\style\icon\undo.png --> ftp.laboratorioescolar.com.mx /CatalogoRvos.app/Contents/Resources/style/icon undo.png
2022.07.12 16:25 B Z:\FTP\Catalogo Digital\CatalogoRvos.app\Contents\Resources\style\icon\unorderlist.png --> ftp.laboratorioescolar.com.mx /CatalogoRvos.app/Contents/Resources/style/icon unorderlist.png
2022.07.12 16:25 B Z:\FTP\Catalogo Digital\CatalogoRvos.app\Contents\Resources\style\icon\upCoil.png --> ftp.laboratorioescolar.com.mx /CatalogoRvos.app/Contents/Resources/style/icon upCoil.png
2022.07.12 16:25 B Z:\FTP\Catalogo Digital\CatalogoRvos.app\Contents\Resources\style\icon\upCoil1.png --> ftp.laboratorioescolar.com.mx /CatalogoRvos.app/Contents/Resources/style/icon upCoil1.png
2022.07.12 16:25 B Z:\FTP\Catalogo Digital\CatalogoRvos.app\Contents\Resources\style\icon\upCoil1_bg.png --> ftp.laboratorioescolar.com.mx /CatalogoRvos.app/Contents/Resources/style/icon upCoil1_bg.png
2022.07.12 16:25 B Z:\FTP\Catalogo Digital\CatalogoRvos.app\Contents\Resources\style\icon\upCoil2.png --> ftp.laboratorioescolar.com.mx /CatalogoRvos.app/Contents/Resources/style/icon upCoil2.png
2022.07.12 16:25 B Z:\FTP\Catalogo Digital\CatalogoRvos.app\Contents\Resources\style\icon\upCoil2_bg.png --> ftp.laboratorioescolar.com.mx /CatalogoRvos.app/Contents/Resources/style/icon upCoil2_bg.png
2022.07.12 16:25 B Z:\FTP\Catalogo Digital\CatalogoRvos.app\Contents\Resources\style\icon\video-circle.png --> ftp.laboratorioescolar.com.mx /CatalogoRvos.app/Contents/Resources/style/icon video-circle.png
2022.07.12 16:25 B Z:\FTP\Catalogo Digital\CatalogoRvos.app\Contents\Resources\style\icon\videoGallery.png --> ftp.laboratorioescolar.com.mx /CatalogoRvos.app/Contents/Resources/style/icon videoGallery.png
2022.07.12 16:25 B Z:\FTP\Catalogo Digital\CatalogoRvos.app\Contents\Resources\style\icon\volume-bar.png --> ftp.laboratorioescolar.com.mx /CatalogoRvos.app/Contents/Resources/style/icon volume-bar.png
2022.07.12 16:25 B Z:\FTP\Catalogo Digital\CatalogoRvos.app\Contents\Resources\style\icon\wood1.png --> ftp.laboratorioescolar.com.mx /CatalogoRvos.app/Contents/Resources/style/icon wood1.png
2022.07.12 16:25 B Z:\FTP\Catalogo Digital\CatalogoRvos.app\Contents\Resources\style\icon\wood2.png --> ftp.laboratorioescolar.com.mx /CatalogoRvos.app/Contents/Resources/style/icon wood2.png
2022.07.12 16:25 B Z:\FTP\Catalogo Digital\CatalogoRvos.app\Contents\Resources\style\icon\wood3.png --> ftp.laboratorioescolar.com.mx /CatalogoRvos.app/Contents/Resources/style/icon wood3.png
2022.07.12 16:25 B Z:\FTP\Catalogo Digital\CatalogoRvos.app\Contents\Resources\style\icon\youjian.png --> ftp.laboratorioescolar.com.mx /CatalogoRvos.app/Contents/Resources/style/icon youjian.png
2022.07.12 16:25 B Z:\FTP\Catalogo Digital\CatalogoRvos.app\Contents\Resources\style\icon\ZD.png --> ftp.laboratorioescolar.com.mx /CatalogoRvos.app/Contents/Resources/style/icon ZD.png
2022.07.12 16:25 B Z:\FTP\Catalogo Digital\CatalogoRvos.app\Contents\Resources\style\icon\ZM.png --> ftp.laboratorioescolar.com.mx /CatalogoRvos.app/Contents/Resources/style/icon ZM.png
2022.07.12 16:25 B Z:\FTP\Catalogo Digital\CatalogoRvos.app\Contents\Resources\style\icon\ZO.png --> ftp.laboratorioescolar.com.mx /CatalogoRvos.app/Contents/Resources/style/icon ZO.png
2022.07.12 16:25 B Z:\FTP\Catalogo Digital\CatalogoRvos.app\Contents\Resources\style\icon\ZoomDown.png --> ftp.laboratorioescolar.com.mx /CatalogoRvos.app/Contents/Resources/style/icon ZoomDown.png
2022.07.12 16:25 B Z:\FTP\Catalogo Digital\CatalogoRvos.app\Contents\Resources\style\icon\ZoomIn.png --> ftp.laboratorioescolar.com.mx /CatalogoRvos.app/Contents/Resources/style/icon ZoomIn.png
2022.07.12 16:25 B Z:\FTP\Catalogo Digital\CatalogoRvos.app\Contents\Resources\style\icon\ZoomOut.png --> ftp.laboratorioescolar.com.mx /CatalogoRvos.app/Contents/Resources/style/icon ZoomOut.png
2022.07.12 16:25 B Z:\FTP\Catalogo Digital\CatalogoRvos.app\Contents\Resources\style\icon\ZoomUp.png --> ftp.laboratorioescolar.com.mx /CatalogoRvos.app/Contents/Resources/style/icon ZoomUp.png
2022.07.12 16:25 B Z:\FTP\Catalogo Digital\CatalogoRvos.app\Contents\Resources\style\icon\ZU.png --> ftp.laboratorioescolar.com.mx /CatalogoRvos.app/Contents/Resources/style/icon ZU.png
